[02-Nov-2018 23:40:58 UTC] PHP Warning:  include(./gamepad.php): failed to open stream: No such file or directory in /home/ubuntu/workspace/CST336/hw/hw2/inc/gameArea.php on line 5
[02-Nov-2018 23:40:58 UTC] PHP Stack trace:
[02-Nov-2018 23:40:58 UTC] PHP   1. {main}() /home/ubuntu/workspace/CST336/hw/hw2/index.php:0
[02-Nov-2018 23:40:58 UTC] PHP   2. include() /home/ubuntu/workspace/CST336/hw/hw2/index.php:6
[02-Nov-2018 23:40:58 UTC] PHP Warning:  include(): Failed opening './gamepad.php' for inclusion (include_path='.:/usr/share/php:/usr/share/pear') in /home/ubuntu/workspace/CST336/hw/hw2/inc/gameArea.php on line 5
[02-Nov-2018 23:40:58 UTC] PHP Stack trace:
[02-Nov-2018 23:40:58 UTC] PHP   1. {main}() /home/ubuntu/workspace/CST336/hw/hw2/index.php:0
[02-Nov-2018 23:40:58 UTC] PHP   2. include() /home/ubuntu/workspace/CST336/hw/hw2/index.php:6
[02-Nov-2018 23:40:58 UTC] PHP Warning:  include(./roundInfo.php): failed to open stream: No such file or directory in /home/ubuntu/workspace/CST336/hw/hw2/inc/gameArea.php on line 6
[02-Nov-2018 23:40:58 UTC] PHP Stack trace:
[02-Nov-2018 23:40:58 UTC] PHP   1. {main}() /home/ubuntu/workspace/CST336/hw/hw2/index.php:0
[02-Nov-2018 23:40:58 UTC] PHP   2. include() /home/ubuntu/workspace/CST336/hw/hw2/index.php:6
[02-Nov-2018 23:40:58 UTC] PHP Warning:  include(): Failed opening './roundInfo.php' for inclusion (include_path='.:/usr/share/php:/usr/share/pear') in /home/ubuntu/workspace/CST336/hw/hw2/inc/gameArea.php on line 6
[02-Nov-2018 23:40:58 UTC] PHP Stack trace:
[02-Nov-2018 23:40:58 UTC] PHP   1. {main}() /home/ubuntu/workspace/CST336/hw/hw2/index.php:0
[02-Nov-2018 23:40:58 UTC] PHP   2. include() /home/ubuntu/workspace/CST336/hw/hw2/index.php:6
[03-Nov-2018 06:15:55 UTC] PHP Fatal error:  Cannot redeclare test() (previously declared in /home/ubuntu/workspace/CST336/hw/hw2/test.php:13) in /home/ubuntu/workspace/CST336/hw/hw2/test2.php on line 2
[03-Nov-2018 06:15:55 UTC] PHP Stack trace:
[03-Nov-2018 06:15:55 UTC] PHP   1. {main}() /home/ubuntu/workspace/CST336/hw/hw2/test.php:0
[03-Nov-2018 06:16:29 UTC] PHP Fatal error:  Cannot redeclare test() (previously declared in /home/ubuntu/workspace/CST336/hw/hw2/test.php:13) in /home/ubuntu/workspace/CST336/hw/hw2/test2.php on line 2
[03-Nov-2018 06:16:29 UTC] PHP Stack trace:
[03-Nov-2018 06:16:29 UTC] PHP   1. {main}() /home/ubuntu/workspace/CST336/hw/hw2/test.php:0
[03-Nov-2018 06:16:31 UTC] PHP Fatal error:  Cannot redeclare test() (previously declared in /home/ubuntu/workspace/CST336/hw/hw2/test.php:13) in /home/ubuntu/workspace/CST336/hw/hw2/test2.php on line 2
[03-Nov-2018 06:16:31 UTC] PHP Stack trace:
[03-Nov-2018 06:16:31 UTC] PHP   1. {main}() /home/ubuntu/workspace/CST336/hw/hw2/test.php:0
[03-Nov-2018 06:16:32 UTC] PHP Fatal error:  Cannot redeclare test() (previously declared in /home/ubuntu/workspace/CST336/hw/hw2/test.php:13) in /home/ubuntu/workspace/CST336/hw/hw2/test2.php on line 2
[03-Nov-2018 06:16:32 UTC] PHP Stack trace:
[03-Nov-2018 06:16:32 UTC] PHP   1. {main}() /home/ubuntu/workspace/CST336/hw/hw2/test.php:0
[03-Nov-2018 06:16:33 UTC] PHP Fatal error:  Cannot redeclare test() (previously declared in /home/ubuntu/workspace/CST336/hw/hw2/test.php:13) in /home/ubuntu/workspace/CST336/hw/hw2/test2.php on line 2
[03-Nov-2018 06:16:33 UTC] PHP Stack trace:
[03-Nov-2018 06:16:33 UTC] PHP   1. {main}() /home/ubuntu/workspace/CST336/hw/hw2/test.php:0
[03-Nov-2018 06:16:34 UTC] PHP Fatal error:  Cannot redeclare test() (previously declared in /home/ubuntu/workspace/CST336/hw/hw2/test.php:13) in /home/ubuntu/workspace/CST336/hw/hw2/test2.php on line 2
[03-Nov-2018 06:16:34 UTC] PHP Stack trace:
[03-Nov-2018 06:16:34 UTC] PHP   1. {main}() /home/ubuntu/workspace/CST336/hw/hw2/test.php:0
[03-Nov-2018 06:16:34 UTC] PHP Fatal error:  Cannot redeclare test() (previously declared in /home/ubuntu/workspace/CST336/hw/hw2/test.php:13) in /home/ubuntu/workspace/CST336/hw/hw2/test2.php on line 2
[03-Nov-2018 06:16:34 UTC] PHP Stack trace:
[03-Nov-2018 06:16:34 UTC] PHP   1. {main}() /home/ubuntu/workspace/CST336/hw/hw2/test.php:0
[03-Nov-2018 06:16:35 UTC] PHP Fatal error:  Cannot redeclare test() (previously declared in /home/ubuntu/workspace/CST336/hw/hw2/test.php:13) in /home/ubuntu/workspace/CST336/hw/hw2/test2.php on line 2
[03-Nov-2018 06:16:35 UTC] PHP Stack trace:
[03-Nov-2018 06:16:35 UTC] PHP   1. {main}() /home/ubuntu/workspace/CST336/hw/hw2/test.php:0
[03-Nov-2018 06:16:40 UTC] PHP Fatal error:  Cannot redeclare test() (previously declared in /home/ubuntu/workspace/CST336/hw/hw2/test.php:13) in /home/ubuntu/workspace/CST336/hw/hw2/test2.php on line 2
[03-Nov-2018 06:16:40 UTC] PHP Stack trace:
[03-Nov-2018 06:16:40 UTC] PHP   1. {main}() /home/ubuntu/workspace/CST336/hw/hw2/test.php:0
[03-Nov-2018 06:16:49 UTC] PHP Fatal error:  Cannot redeclare test() (previously declared in /home/ubuntu/workspace/CST336/hw/hw2/test.php:13) in /home/ubuntu/workspace/CST336/hw/hw2/test2.php on line 2
[03-Nov-2018 06:16:49 UTC] PHP Stack trace:
[03-Nov-2018 06:16:49 UTC] PHP   1. {main}() /home/ubuntu/workspace/CST336/hw/hw2/test.php:0
[03-Nov-2018 06:17:12 UTC] PHP Fatal error:  Cannot redeclare test() (previously declared in /home/ubuntu/workspace/CST336/hw/hw2/test.php:13) in /home/ubuntu/workspace/CST336/hw/hw2/test2.php on line 2
[03-Nov-2018 06:17:12 UTC] PHP Stack trace:
[03-Nov-2018 06:17:12 UTC] PHP   1. {main}() /home/ubuntu/workspace/CST336/hw/hw2/test.php:0
[03-Nov-2018 06:17:37 UTC] PHP Fatal error:  Cannot redeclare test() (previously declared in /home/ubuntu/workspace/CST336/hw/hw2/test.php:13) in /home/ubuntu/workspace/CST336/hw/hw2/test2.php on line 2
[03-Nov-2018 06:17:37 UTC] PHP Stack trace:
[03-Nov-2018 06:17:37 UTC] PHP   1. {main}() /home/ubuntu/workspace/CST336/hw/hw2/test.php:0
[03-Nov-2018 06:17:45 UTC] PHP Fatal error:  Cannot redeclare test() (previously declared in /home/ubuntu/workspace/CST336/hw/hw2/test.php:13) in /home/ubuntu/workspace/CST336/hw/hw2/test2.php on line 2
[03-Nov-2018 06:17:45 UTC] PHP Stack trace:
[03-Nov-2018 06:17:45 UTC] PHP   1. {main}() /home/ubuntu/workspace/CST336/hw/hw2/test.php:0
[03-Nov-2018 06:19:50 UTC] PHP Fatal error:  Cannot redeclare test() (previously declared in /home/ubuntu/workspace/CST336/hw/hw2/test.php:13) in /home/ubuntu/workspace/CST336/hw/hw2/test2.php on line 2
[03-Nov-2018 06:19:50 UTC] PHP Stack trace:
[03-Nov-2018 06:19:50 UTC] PHP   1. {main}() /home/ubuntu/workspace/CST336/hw/hw2/test.php:0
[03-Nov-2018 06:20:01 UTC] PHP Fatal error:  Cannot redeclare test() (previously declared in /home/ubuntu/workspace/CST336/hw/hw2/test.php:13) in /home/ubuntu/workspace/CST336/hw/hw2/test2.php on line 2
[03-Nov-2018 06:20:01 UTC] PHP Stack trace:
[03-Nov-2018 06:20:01 UTC] PHP   1. {main}() /home/ubuntu/workspace/CST336/hw/hw2/test.php:0
[03-Nov-2018 06:20:15 UTC] PHP Fatal error:  Using $this when not in object context in /home/ubuntu/workspace/CST336/hw/hw2/test.php on line 17
[03-Nov-2018 06:20:15 UTC] PHP Stack trace:
[03-Nov-2018 06:20:15 UTC] PHP   1. {main}() /home/ubuntu/workspace/CST336/hw/hw2/test.php:0
[03-Nov-2018 16:27:01 UTC] PHP Fatal error:  Call to undefined function reload() in /home/ubuntu/workspace/CST336/hw/hw2/test.php on line 18
[03-Nov-2018 16:27:01 UTC] PHP Stack trace:
[03-Nov-2018 16:27:01 UTC] PHP   1. {main}() /home/ubuntu/workspace/CST336/hw/hw2/test.php:0
[03-Nov-2018 16:45:34 UTC] PHP Parse error:  syntax error, unexpected '=' in /home/ubuntu/workspace/CST336/hw/hw2/test.php on line 16
[03-Nov-2018 16:46:22 UTC] PHP Parse error:  syntax error, unexpected '->' (T_OBJECT_OPERATOR) in /home/ubuntu/workspace/CST336/hw/hw2/inc/rounds.php on line 29
[03-Nov-2018 16:46:22 UTC] PHP Stack trace:
[03-Nov-2018 16:46:22 UTC] PHP   1. {main}() /home/ubuntu/workspace/CST336/hw/hw2/test.php:0
[03-Nov-2018 16:46:44 UTC] PHP Fatal error:  Call to undefined function displayRounds() in /home/ubuntu/workspace/CST336/hw/hw2/test.php on line 17
[03-Nov-2018 16:46:44 UTC] PHP Stack trace:
[03-Nov-2018 16:46:44 UTC] PHP   1. {main}() /home/ubuntu/workspace/CST336/hw/hw2/test.php:0
[03-Nov-2018 16:49:47 UTC] PHP Parse error:  syntax error, unexpected '->' (T_OBJECT_OPERATOR), expecting ',' or ';' in /home/ubuntu/workspace/CST336/hw/hw2/inc/rounds.php on line 36
[03-Nov-2018 16:49:47 UTC] PHP Stack trace:
[03-Nov-2018 16:49:47 UTC] PHP   1. {main}() /home/ubuntu/workspace/CST336/hw/hw2/test.php:0
[03-Nov-2018 16:53:32 UTC] PHP Fatal error:  Undefined class constant 'rounds' in /home/ubuntu/workspace/CST336/hw/hw2/test.php on line 21
[03-Nov-2018 16:53:32 UTC] PHP Stack trace:
[03-Nov-2018 16:53:32 UTC] PHP   1. {main}() /home/ubuntu/workspace/CST336/hw/hw2/test.php:0
[03-Nov-2018 18:19:30 UTC] PHP Warning:  include(./inc/boilerplate.php): failed to open stream: No such file or directory in /home/ubuntu/workspace/CST336/hw/hw2/index.php on line 2
[03-Nov-2018 18:19:30 UTC] PHP Stack trace:
[03-Nov-2018 18:19:30 UTC] PHP   1. {main}() /home/ubuntu/workspace/CST336/hw/hw2/index.php:0
[03-Nov-2018 18:19:30 UTC] PHP Warning:  include(): Failed opening './inc/boilerplate.php' for inclusion (include_path='.:/usr/share/php:/usr/share/pear') in /home/ubuntu/workspace/CST336/hw/hw2/index.php on line 2
[03-Nov-2018 18:19:30 UTC] PHP Stack trace:
[03-Nov-2018 18:19:30 UTC] PHP   1. {main}() /home/ubuntu/workspace/CST336/hw/hw2/index.php:0
[03-Nov-2018 18:19:30 UTC] PHP Warning:  include(./inc/header.php): failed to open stream: No such file or directory in /home/ubuntu/workspace/CST336/hw/hw2/index.php on line 3
[03-Nov-2018 18:19:30 UTC] PHP Stack trace:
[03-Nov-2018 18:19:30 UTC] PHP   1. {main}() /home/ubuntu/workspace/CST336/hw/hw2/index.php:0
[03-Nov-2018 18:19:30 UTC] PHP Warning:  include(): Failed opening './inc/header.php' for inclusion (include_path='.:/usr/share/php:/usr/share/pear') in /home/ubuntu/workspace/CST336/hw/hw2/index.php on line 3
[03-Nov-2018 18:19:30 UTC] PHP Stack trace:
[03-Nov-2018 18:19:30 UTC] PHP   1. {main}() /home/ubuntu/workspace/CST336/hw/hw2/index.php:0
[03-Nov-2018 18:19:30 UTC] PHP Warning:  include(./inc/mainHeading.php): failed to open stream: No such file or directory in /home/ubuntu/workspace/CST336/hw/hw2/index.php on line 4
[03-Nov-2018 18:19:30 UTC] PHP Stack trace:
[03-Nov-2018 18:19:30 UTC] PHP   1. {main}() /home/ubuntu/workspace/CST336/hw/hw2/index.php:0
[03-Nov-2018 18:19:30 UTC] PHP Warning:  include(): Failed opening './inc/mainHeading.php' for inclusion (include_path='.:/usr/share/php:/usr/share/pear') in /home/ubuntu/workspace/CST336/hw/hw2/index.php on line 4
[03-Nov-2018 18:19:30 UTC] PHP Stack trace:
[03-Nov-2018 18:19:30 UTC] PHP   1. {main}() /home/ubuntu/workspace/CST336/hw/hw2/index.php:0
[03-Nov-2018 18:19:30 UTC] PHP Warning:  include(openEmptyGamepad.php): failed to open stream: No such file or directory in /home/ubuntu/workspace/CST336/hw/hw2/inc/gamepadNoLinks.php on line 2
[03-Nov-2018 18:19:30 UTC] PHP Stack trace:
[03-Nov-2018 18:19:30 UTC] PHP   1. {main}() /home/ubuntu/workspace/CST336/hw/hw2/index.php:0
[03-Nov-2018 18:19:30 UTC] PHP   2. include() /home/ubuntu/workspace/CST336/hw/hw2/index.php:5
[03-Nov-2018 18:19:30 UTC] PHP Warning:  include(): Failed opening 'openEmptyGamepad.php' for inclusion (include_path='.:/usr/share/php:/usr/share/pear') in /home/ubuntu/workspace/CST336/hw/hw2/inc/gamepadNoLinks.php on line 2
[03-Nov-2018 18:19:30 UTC] PHP Stack trace:
[03-Nov-2018 18:19:30 UTC] PHP   1. {main}() /home/ubuntu/workspace/CST336/hw/hw2/index.php:0
[03-Nov-2018 18:19:30 UTC] PHP   2. include() /home/ubuntu/workspace/CST336/hw/hw2/index.php:5
[03-Nov-2018 18:19:30 UTC] PHP Warning:  include(greenpadNoLink.php): failed to open stream: No such file or directory in /home/ubuntu/workspace/CST336/hw/hw2/inc/gamepadNoLinks.php on line 3
[03-Nov-2018 18:19:30 UTC] PHP Stack trace:
[03-Nov-2018 18:19:30 UTC] PHP   1. {main}() /home/ubuntu/workspace/CST336/hw/hw2/index.php:0
[03-Nov-2018 18:19:30 UTC] PHP   2. include() /home/ubuntu/workspace/CST336/hw/hw2/index.php:5
[03-Nov-2018 18:19:30 UTC] PHP Warning:  include(): Failed opening 'greenpadNoLink.php' for inclusion (include_path='.:/usr/share/php:/usr/share/pear') in /home/ubuntu/workspace/CST336/hw/hw2/inc/gamepadNoLinks.php on line 3
[03-Nov-2018 18:19:30 UTC] PHP Stack trace:
[03-Nov-2018 18:19:30 UTC] PHP   1. {main}() /home/ubuntu/workspace/CST336/hw/hw2/index.php:0
[03-Nov-2018 18:19:30 UTC] PHP   2. include() /home/ubuntu/workspace/CST336/hw/hw2/index.php:5
[03-Nov-2018 18:19:30 UTC] PHP Warning:  include(redpadNoLink.php): failed to open stream: No such file or directory in /home/ubuntu/workspace/CST336/hw/hw2/inc/gamepadNoLinks.php on line 4
[03-Nov-2018 18:19:30 UTC] PHP Stack trace:
[03-Nov-2018 18:19:30 UTC] PHP   1. {main}() /home/ubuntu/workspace/CST336/hw/hw2/index.php:0
[03-Nov-2018 18:19:30 UTC] PHP   2. include() /home/ubuntu/workspace/CST336/hw/hw2/index.php:5
[03-Nov-2018 18:19:30 UTC] PHP Warning:  include(): Failed opening 'redpadNoLink.php' for inclusion (include_path='.:/usr/share/php:/usr/share/pear') in /home/ubuntu/workspace/CST336/hw/hw2/inc/gamepadNoLinks.php on line 4
[03-Nov-2018 18:19:30 UTC] PHP Stack trace:
[03-Nov-2018 18:19:30 UTC] PHP   1. {main}() /home/ubuntu/workspace/CST336/hw/hw2/index.php:0
[03-Nov-2018 18:19:30 UTC] PHP   2. include() /home/ubuntu/workspace/CST336/hw/hw2/index.php:5
[03-Nov-2018 18:19:30 UTC] PHP Warning:  include(yellowpadNoLink.php): failed to open stream: No such file or directory in /home/ubuntu/workspace/CST336/hw/hw2/inc/gamepadNoLinks.php on line 5
[03-Nov-2018 18:19:30 UTC] PHP Stack trace:
[03-Nov-2018 18:19:30 UTC] PHP   1. {main}() /home/ubuntu/workspace/CST336/hw/hw2/index.php:0
[03-Nov-2018 18:19:30 UTC] PHP   2. include() /home/ubuntu/workspace/CST336/hw/hw2/index.php:5
[03-Nov-2018 18:19:30 UTC] PHP Warning:  include(): Failed opening 'yellowpadNoLink.php' for inclusion (include_path='.:/usr/share/php:/usr/share/pear') in /home/ubuntu/workspace/CST336/hw/hw2/inc/gamepadNoLinks.php on line 5
[03-Nov-2018 18:19:30 UTC] PHP Stack trace:
[03-Nov-2018 18:19:30 UTC] PHP   1. {main}() /home/ubuntu/workspace/CST336/hw/hw2/index.php:0
[03-Nov-2018 18:19:30 UTC] PHP   2. include() /home/ubuntu/workspace/CST336/hw/hw2/index.php:5
[03-Nov-2018 18:19:30 UTC] PHP Warning:  include(bluepadNoLink.php): failed to open stream: No such file or directory in /home/ubuntu/workspace/CST336/hw/hw2/inc/gamepadNoLinks.php on line 6
[03-Nov-2018 18:19:30 UTC] PHP Stack trace:
[03-Nov-2018 18:19:30 UTC] PHP   1. {main}() /home/ubuntu/workspace/CST336/hw/hw2/index.php:0
[03-Nov-2018 18:19:30 UTC] PHP   2. include() /home/ubuntu/workspace/CST336/hw/hw2/index.php:5
[03-Nov-2018 18:19:30 UTC] PHP Warning:  include(): Failed opening 'bluepadNoLink.php' for inclusion (include_path='.:/usr/share/php:/usr/share/pear') in /home/ubuntu/workspace/CST336/hw/hw2/inc/gamepadNoLinks.php on line 6
[03-Nov-2018 18:19:30 UTC] PHP Stack trace:
[03-Nov-2018 18:19:30 UTC] PHP   1. {main}() /home/ubuntu/workspace/CST336/hw/hw2/index.php:0
[03-Nov-2018 18:19:30 UTC] PHP   2. include() /home/ubuntu/workspace/CST336/hw/hw2/index.php:5
[03-Nov-2018 18:19:30 UTC] PHP Warning:  include(closeEmptyGamepad.php): failed to open stream: No such file or directory in /home/ubuntu/workspace/CST336/hw/hw2/inc/gamepadNoLinks.php on line 7
[03-Nov-2018 18:19:30 UTC] PHP Stack trace:
[03-Nov-2018 18:19:30 UTC] PHP   1. {main}() /home/ubuntu/workspace/CST336/hw/hw2/index.php:0
[03-Nov-2018 18:19:30 UTC] PHP   2. include() /home/ubuntu/workspace/CST336/hw/hw2/index.php:5
[03-Nov-2018 18:19:30 UTC] PHP Warning:  include(): Failed opening 'closeEmptyGamepad.php' for inclusion (include_path='.:/usr/share/php:/usr/share/pear') in /home/ubuntu/workspace/CST336/hw/hw2/inc/gamepadNoLinks.php on line 7
[03-Nov-2018 18:19:30 UTC] PHP Stack trace:
[03-Nov-2018 18:19:30 UTC] PHP   1. {main}() /home/ubuntu/workspace/CST336/hw/hw2/index.php:0
[03-Nov-2018 18:19:30 UTC] PHP   2. include() /home/ubuntu/workspace/CST336/hw/hw2/index.php:5
[03-Nov-2018 18:19:30 UTC] PHP Warning:  include(./inc/buttonArea.php): failed to open stream: No such file or directory in /home/ubuntu/workspace/CST336/hw/hw2/index.php on line 6
[03-Nov-2018 18:19:30 UTC] PHP Stack trace:
[03-Nov-2018 18:19:30 UTC] PHP   1. {main}() /home/ubuntu/workspace/CST336/hw/hw2/index.php:0
[03-Nov-2018 18:19:30 UTC] PHP Warning:  include(): Failed opening './inc/buttonArea.php' for inclusion (include_path='.:/usr/share/php:/usr/share/pear') in /home/ubuntu/workspace/CST336/hw/hw2/index.php on line 6
[03-Nov-2018 18:19:30 UTC] PHP Stack trace:
[03-Nov-2018 18:19:30 UTC] PHP   1. {main}() /home/ubuntu/workspace/CST336/hw/hw2/index.php:0
[03-Nov-2018 18:19:30 UTC] PHP Warning:  include(./inc/closingHtml.php): failed to open stream: No such file or directory in /home/ubuntu/workspace/CST336/hw/hw2/index.php on line 7
[03-Nov-2018 18:19:30 UTC] PHP Stack trace:
[03-Nov-2018 18:19:30 UTC] PHP   1. {main}() /home/ubuntu/workspace/CST336/hw/hw2/index.php:0
[03-Nov-2018 18:19:30 UTC] PHP Warning:  include(): Failed opening './inc/closingHtml.php' for inclusion (include_path='.:/usr/share/php:/usr/share/pear') in /home/ubuntu/workspace/CST336/hw/hw2/index.php on line 7
[03-Nov-2018 18:19:30 UTC] PHP Stack trace:
[03-Nov-2018 18:19:30 UTC] PHP   1. {main}() /home/ubuntu/workspace/CST336/hw/hw2/index.php:0
[03-Nov-2018 18:19:30 UTC] PHP Fatal error:  Class 'Elements' not found in /home/ubuntu/workspace/CST336/hw/hw2/index.php on line 10
[03-Nov-2018 18:19:30 UTC] PHP Stack trace:
[03-Nov-2018 18:19:30 UTC] PHP   1. {main}() /home/ubuntu/workspace/CST336/hw/hw2/index.php:0
[03-Nov-2018 18:20:03 UTC] PHP Parse error:  syntax error, unexpected '$e' (T_VARIABLE) in /home/ubuntu/workspace/CST336/hw/hw2/index.php on line 5
[03-Nov-2018 18:20:17 UTC] PHP Fatal error:  Call to a member function getIndexGamepad() on a non-object in /home/ubuntu/workspace/CST336/hw/hw2/inc/staticElements.php on line 87
[03-Nov-2018 18:20:17 UTC] PHP Stack trace:
[03-Nov-2018 18:20:17 UTC] PHP   1. {main}() /home/ubuntu/workspace/CST336/hw/hw2/index.php:0
[03-Nov-2018 18:20:17 UTC] PHP   2. Elements->getGameAreaIndex() /home/ubuntu/workspace/CST336/hw/hw2/index.php:11
[03-Nov-2018 18:23:46 UTC] PHP Fatal error:  Call to a member function getIndexGamepad() on a non-object in /home/ubuntu/workspace/CST336/hw/hw2/inc/staticElements.php on line 87
[03-Nov-2018 18:23:46 UTC] PHP Stack trace:
[03-Nov-2018 18:23:46 UTC] PHP   1. {main}() /home/ubuntu/workspace/CST336/hw/hw2/index.php:0
[03-Nov-2018 18:23:46 UTC] PHP   2. Elements->getGameAreaIndex() /home/ubuntu/workspace/CST336/hw/hw2/index.php:11
[03-Nov-2018 18:23:49 UTC] PHP Fatal error:  Call to a member function getIndexGamepad() on a non-object in /home/ubuntu/workspace/CST336/hw/hw2/inc/staticElements.php on line 87
[03-Nov-2018 18:23:49 UTC] PHP Stack trace:
[03-Nov-2018 18:23:49 UTC] PHP   1. {main}() /home/ubuntu/workspace/CST336/hw/hw2/index.php:0
[03-Nov-2018 18:23:49 UTC] PHP   2. Elements->getGameAreaIndex() /home/ubuntu/workspace/CST336/hw/hw2/index.php:11
[03-Nov-2018 18:24:43 UTC] PHP Fatal error:  Call to a member function getIndexGamepad() on a non-object in /home/ubuntu/workspace/CST336/hw/hw2/inc/staticElements.php on line 87
[03-Nov-2018 18:24:43 UTC] PHP Stack trace:
[03-Nov-2018 18:24:43 UTC] PHP   1. {main}() /home/ubuntu/workspace/CST336/hw/hw2/index.php:0
[03-Nov-2018 18:24:43 UTC] PHP   2. Elements->getGameAreaIndex() /home/ubuntu/workspace/CST336/hw/hw2/index.php:11
[03-Nov-2018 18:31:02 UTC] PHP Fatal error:  Call to a member function getIndexGamepad() on a non-object in /home/ubuntu/workspace/CST336/hw/hw2/inc/staticElements.php on line 87
[03-Nov-2018 18:31:02 UTC] PHP Stack trace:
[03-Nov-2018 18:31:02 UTC] PHP   1. {main}() /home/ubuntu/workspace/CST336/hw/hw2/index.php:0
[03-Nov-2018 18:31:02 UTC] PHP   2. Elements->getGameAreaIndex() /home/ubuntu/workspace/CST336/hw/hw2/index.php:11
[03-Nov-2018 18:31:04 UTC] PHP Fatal error:  Call to a member function getIndexGamepad() on a non-object in /home/ubuntu/workspace/CST336/hw/hw2/inc/staticElements.php on line 87
[03-Nov-2018 18:31:04 UTC] PHP Stack trace:
[03-Nov-2018 18:31:04 UTC] PHP   1. {main}() /home/ubuntu/workspace/CST336/hw/hw2/index.php:0
[03-Nov-2018 18:31:04 UTC] PHP   2. Elements->getGameAreaIndex() /home/ubuntu/workspace/CST336/hw/hw2/index.php:11
[03-Nov-2018 18:31:05 UTC] PHP Fatal error:  Call to a member function getIndexGamepad() on a non-object in /home/ubuntu/workspace/CST336/hw/hw2/inc/staticElements.php on line 87
[03-Nov-2018 18:31:05 UTC] PHP Stack trace:
[03-Nov-2018 18:31:05 UTC] PHP   1. {main}() /home/ubuntu/workspace/CST336/hw/hw2/index.php:0
[03-Nov-2018 18:31:05 UTC] PHP   2. Elements->getGameAreaIndex() /home/ubuntu/workspace/CST336/hw/hw2/index.php:11
[03-Nov-2018 18:31:06 UTC] PHP Fatal error:  Call to a member function getIndexGamepad() on a non-object in /home/ubuntu/workspace/CST336/hw/hw2/inc/staticElements.php on line 87
[03-Nov-2018 18:31:06 UTC] PHP Stack trace:
[03-Nov-2018 18:31:06 UTC] PHP   1. {main}() /home/ubuntu/workspace/CST336/hw/hw2/index.php:0
[03-Nov-2018 18:31:06 UTC] PHP   2. Elements->getGameAreaIndex() /home/ubuntu/workspace/CST336/hw/hw2/index.php:11
[03-Nov-2018 18:31:06 UTC] PHP Fatal error:  Call to a member function getIndexGamepad() on a non-object in /home/ubuntu/workspace/CST336/hw/hw2/inc/staticElements.php on line 87
[03-Nov-2018 18:31:06 UTC] PHP Stack trace:
[03-Nov-2018 18:31:06 UTC] PHP   1. {main}() /home/ubuntu/workspace/CST336/hw/hw2/index.php:0
[03-Nov-2018 18:31:06 UTC] PHP   2. Elements->getGameAreaIndex() /home/ubuntu/workspace/CST336/hw/hw2/index.php:11
[03-Nov-2018 18:31:07 UTC] PHP Fatal error:  Call to a member function getIndexGamepad() on a non-object in /home/ubuntu/workspace/CST336/hw/hw2/inc/staticElements.php on line 87
[03-Nov-2018 18:31:07 UTC] PHP Stack trace:
[03-Nov-2018 18:31:07 UTC] PHP   1. {main}() /home/ubuntu/workspace/CST336/hw/hw2/index.php:0
[03-Nov-2018 18:31:07 UTC] PHP   2. Elements->getGameAreaIndex() /home/ubuntu/workspace/CST336/hw/hw2/index.php:11
[03-Nov-2018 18:31:07 UTC] PHP Fatal error:  Call to a member function getIndexGamepad() on a non-object in /home/ubuntu/workspace/CST336/hw/hw2/inc/staticElements.php on line 87
[03-Nov-2018 18:31:07 UTC] PHP Stack trace:
[03-Nov-2018 18:31:07 UTC] PHP   1. {main}() /home/ubuntu/workspace/CST336/hw/hw2/index.php:0
[03-Nov-2018 18:31:07 UTC] PHP   2. Elements->getGameAreaIndex() /home/ubuntu/workspace/CST336/hw/hw2/index.php:11
[03-Nov-2018 18:31:07 UTC] PHP Fatal error:  Call to a member function getIndexGamepad() on a non-object in /home/ubuntu/workspace/CST336/hw/hw2/inc/staticElements.php on line 87
[03-Nov-2018 18:31:07 UTC] PHP Stack trace:
[03-Nov-2018 18:31:07 UTC] PHP   1. {main}() /home/ubuntu/workspace/CST336/hw/hw2/index.php:0
[03-Nov-2018 18:31:07 UTC] PHP   2. Elements->getGameAreaIndex() /home/ubuntu/workspace/CST336/hw/hw2/index.php:11
[03-Nov-2018 18:31:08 UTC] PHP Fatal error:  Call to a member function getIndexGamepad() on a non-object in /home/ubuntu/workspace/CST336/hw/hw2/inc/staticElements.php on line 87
[03-Nov-2018 18:31:08 UTC] PHP Stack trace:
[03-Nov-2018 18:31:08 UTC] PHP   1. {main}() /home/ubuntu/workspace/CST336/hw/hw2/index.php:0
[03-Nov-2018 18:31:08 UTC] PHP   2. Elements->getGameAreaIndex() /home/ubuntu/workspace/CST336/hw/hw2/index.php:11
[03-Nov-2018 18:31:08 UTC] PHP Fatal error:  Call to a member function getIndexGamepad() on a non-object in /home/ubuntu/workspace/CST336/hw/hw2/inc/staticElements.php on line 87
[03-Nov-2018 18:31:08 UTC] PHP Stack trace:
[03-Nov-2018 18:31:08 UTC] PHP   1. {main}() /home/ubuntu/workspace/CST336/hw/hw2/index.php:0
[03-Nov-2018 18:31:08 UTC] PHP   2. Elements->getGameAreaIndex() /home/ubuntu/workspace/CST336/hw/hw2/index.php:11
[03-Nov-2018 18:31:08 UTC] PHP Fatal error:  Call to a member function getIndexGamepad() on a non-object in /home/ubuntu/workspace/CST336/hw/hw2/inc/staticElements.php on line 87
[03-Nov-2018 18:31:08 UTC] PHP Stack trace:
[03-Nov-2018 18:31:08 UTC] PHP   1. {main}() /home/ubuntu/workspace/CST336/hw/hw2/index.php:0
[03-Nov-2018 18:31:08 UTC] PHP   2. Elements->getGameAreaIndex() /home/ubuntu/workspace/CST336/hw/hw2/index.php:11
[03-Nov-2018 18:31:08 UTC] PHP Fatal error:  Call to a member function getIndexGamepad() on a non-object in /home/ubuntu/workspace/CST336/hw/hw2/inc/staticElements.php on line 87
[03-Nov-2018 18:31:08 UTC] PHP Stack trace:
[03-Nov-2018 18:31:08 UTC] PHP   1. {main}() /home/ubuntu/workspace/CST336/hw/hw2/index.php:0
[03-Nov-2018 18:31:08 UTC] PHP   2. Elements->getGameAreaIndex() /home/ubuntu/workspace/CST336/hw/hw2/index.php:11
[03-Nov-2018 18:31:08 UTC] PHP Fatal error:  Call to a member function getIndexGamepad() on a non-object in /home/ubuntu/workspace/CST336/hw/hw2/inc/staticElements.php on line 87
[03-Nov-2018 18:31:08 UTC] PHP Stack trace:
[03-Nov-2018 18:31:08 UTC] PHP   1. {main}() /home/ubuntu/workspace/CST336/hw/hw2/index.php:0
[03-Nov-2018 18:31:08 UTC] PHP   2. Elements->getGameAreaIndex() /home/ubuntu/workspace/CST336/hw/hw2/index.php:11
[03-Nov-2018 18:31:09 UTC] PHP Fatal error:  Call to a member function getIndexGamepad() on a non-object in /home/ubuntu/workspace/CST336/hw/hw2/inc/staticElements.php on line 87
[03-Nov-2018 18:31:09 UTC] PHP Stack trace:
[03-Nov-2018 18:31:09 UTC] PHP   1. {main}() /home/ubuntu/workspace/CST336/hw/hw2/index.php:0
[03-Nov-2018 18:31:09 UTC] PHP   2. Elements->getGameAreaIndex() /home/ubuntu/workspace/CST336/hw/hw2/index.php:11
[03-Nov-2018 18:31:09 UTC] PHP Fatal error:  Call to a member function getIndexGamepad() on a non-object in /home/ubuntu/workspace/CST336/hw/hw2/inc/staticElements.php on line 87
[03-Nov-2018 18:31:09 UTC] PHP Stack trace:
[03-Nov-2018 18:31:09 UTC] PHP   1. {main}() /home/ubuntu/workspace/CST336/hw/hw2/index.php:0
[03-Nov-2018 18:31:09 UTC] PHP   2. Elements->getGameAreaIndex() /home/ubuntu/workspace/CST336/hw/hw2/index.php:11
[03-Nov-2018 18:31:09 UTC] PHP Fatal error:  Call to a member function getIndexGamepad() on a non-object in /home/ubuntu/workspace/CST336/hw/hw2/inc/staticElements.php on line 87
[03-Nov-2018 18:31:09 UTC] PHP Stack trace:
[03-Nov-2018 18:31:09 UTC] PHP   1. {main}() /home/ubuntu/workspace/CST336/hw/hw2/index.php:0
[03-Nov-2018 18:31:09 UTC] PHP   2. Elements->getGameAreaIndex() /home/ubuntu/workspace/CST336/hw/hw2/index.php:11
[03-Nov-2018 18:31:09 UTC] PHP Fatal error:  Call to a member function getIndexGamepad() on a non-object in /home/ubuntu/workspace/CST336/hw/hw2/inc/staticElements.php on line 87
[03-Nov-2018 18:31:09 UTC] PHP Stack trace:
[03-Nov-2018 18:31:09 UTC] PHP   1. {main}() /home/ubuntu/workspace/CST336/hw/hw2/index.php:0
[03-Nov-2018 18:31:09 UTC] PHP   2. Elements->getGameAreaIndex() /home/ubuntu/workspace/CST336/hw/hw2/index.php:11
[03-Nov-2018 18:31:09 UTC] PHP Fatal error:  Call to a member function getIndexGamepad() on a non-object in /home/ubuntu/workspace/CST336/hw/hw2/inc/staticElements.php on line 87
[03-Nov-2018 18:31:09 UTC] PHP Stack trace:
[03-Nov-2018 18:31:09 UTC] PHP   1. {main}() /home/ubuntu/workspace/CST336/hw/hw2/index.php:0
[03-Nov-2018 18:31:09 UTC] PHP   2. Elements->getGameAreaIndex() /home/ubuntu/workspace/CST336/hw/hw2/index.php:11
[03-Nov-2018 18:31:10 UTC] PHP Fatal error:  Call to a member function getIndexGamepad() on a non-object in /home/ubuntu/workspace/CST336/hw/hw2/inc/staticElements.php on line 87
[03-Nov-2018 18:31:10 UTC] PHP Stack trace:
[03-Nov-2018 18:31:10 UTC] PHP   1. {main}() /home/ubuntu/workspace/CST336/hw/hw2/index.php:0
[03-Nov-2018 18:31:10 UTC] PHP   2. Elements->getGameAreaIndex() /home/ubuntu/workspace/CST336/hw/hw2/index.php:11
[03-Nov-2018 18:31:10 UTC] PHP Fatal error:  Call to a member function getIndexGamepad() on a non-object in /home/ubuntu/workspace/CST336/hw/hw2/inc/staticElements.php on line 87
[03-Nov-2018 18:31:10 UTC] PHP Stack trace:
[03-Nov-2018 18:31:10 UTC] PHP   1. {main}() /home/ubuntu/workspace/CST336/hw/hw2/index.php:0
[03-Nov-2018 18:31:10 UTC] PHP   2. Elements->getGameAreaIndex() /home/ubuntu/workspace/CST336/hw/hw2/index.php:11
[03-Nov-2018 18:31:10 UTC] PHP Fatal error:  Call to a member function getIndexGamepad() on a non-object in /home/ubuntu/workspace/CST336/hw/hw2/inc/staticElements.php on line 87
[03-Nov-2018 18:31:10 UTC] PHP Stack trace:
[03-Nov-2018 18:31:10 UTC] PHP   1. {main}() /home/ubuntu/workspace/CST336/hw/hw2/index.php:0
[03-Nov-2018 18:31:10 UTC] PHP   2. Elements->getGameAreaIndex() /home/ubuntu/workspace/CST336/hw/hw2/index.php:11
[03-Nov-2018 18:31:10 UTC] PHP Fatal error:  Call to a member function getIndexGamepad() on a non-object in /home/ubuntu/workspace/CST336/hw/hw2/inc/staticElements.php on line 87
[03-Nov-2018 18:31:10 UTC] PHP Stack trace:
[03-Nov-2018 18:31:10 UTC] PHP   1. {main}() /home/ubuntu/workspace/CST336/hw/hw2/index.php:0
[03-Nov-2018 18:31:10 UTC] PHP   2. Elements->getGameAreaIndex() /home/ubuntu/workspace/CST336/hw/hw2/index.php:11
[03-Nov-2018 18:31:10 UTC] PHP Fatal error:  Call to a member function getIndexGamepad() on a non-object in /home/ubuntu/workspace/CST336/hw/hw2/inc/staticElements.php on line 87
[03-Nov-2018 18:31:10 UTC] PHP Stack trace:
[03-Nov-2018 18:31:10 UTC] PHP   1. {main}() /home/ubuntu/workspace/CST336/hw/hw2/index.php:0
[03-Nov-2018 18:31:10 UTC] PHP   2. Elements->getGameAreaIndex() /home/ubuntu/workspace/CST336/hw/hw2/index.php:11
[03-Nov-2018 18:31:11 UTC] PHP Fatal error:  Call to a member function getIndexGamepad() on a non-object in /home/ubuntu/workspace/CST336/hw/hw2/inc/staticElements.php on line 87
[03-Nov-2018 18:31:11 UTC] PHP Stack trace:
[03-Nov-2018 18:31:11 UTC] PHP   1. {main}() /home/ubuntu/workspace/CST336/hw/hw2/index.php:0
[03-Nov-2018 18:31:11 UTC] PHP   2. Elements->getGameAreaIndex() /home/ubuntu/workspace/CST336/hw/hw2/index.php:11
[03-Nov-2018 18:31:11 UTC] PHP Fatal error:  Call to a member function getIndexGamepad() on a non-object in /home/ubuntu/workspace/CST336/hw/hw2/inc/staticElements.php on line 87
[03-Nov-2018 18:31:11 UTC] PHP Stack trace:
[03-Nov-2018 18:31:11 UTC] PHP   1. {main}() /home/ubuntu/workspace/CST336/hw/hw2/index.php:0
[03-Nov-2018 18:31:11 UTC] PHP   2. Elements->getGameAreaIndex() /home/ubuntu/workspace/CST336/hw/hw2/index.php:11
[03-Nov-2018 18:31:11 UTC] PHP Fatal error:  Call to a member function getIndexGamepad() on a non-object in /home/ubuntu/workspace/CST336/hw/hw2/inc/staticElements.php on line 87
[03-Nov-2018 18:31:11 UTC] PHP Stack trace:
[03-Nov-2018 18:31:11 UTC] PHP   1. {main}() /home/ubuntu/workspace/CST336/hw/hw2/index.php:0
[03-Nov-2018 18:31:11 UTC] PHP   2. Elements->getGameAreaIndex() /home/ubuntu/workspace/CST336/hw/hw2/index.php:11
[03-Nov-2018 18:31:11 UTC] PHP Fatal error:  Call to a member function getIndexGamepad() on a non-object in /home/ubuntu/workspace/CST336/hw/hw2/inc/staticElements.php on line 87
[03-Nov-2018 18:31:11 UTC] PHP Stack trace:
[03-Nov-2018 18:31:11 UTC] PHP   1. {main}() /home/ubuntu/workspace/CST336/hw/hw2/index.php:0
[03-Nov-2018 18:31:11 UTC] PHP   2. Elements->getGameAreaIndex() /home/ubuntu/workspace/CST336/hw/hw2/index.php:11
[03-Nov-2018 18:31:11 UTC] PHP Fatal error:  Call to a member function getIndexGamepad() on a non-object in /home/ubuntu/workspace/CST336/hw/hw2/inc/staticElements.php on line 87
[03-Nov-2018 18:31:11 UTC] PHP Stack trace:
[03-Nov-2018 18:31:11 UTC] PHP   1. {main}() /home/ubuntu/workspace/CST336/hw/hw2/index.php:0
[03-Nov-2018 18:31:11 UTC] PHP   2. Elements->getGameAreaIndex() /home/ubuntu/workspace/CST336/hw/hw2/index.php:11
[03-Nov-2018 18:31:12 UTC] PHP Fatal error:  Call to a member function getIndexGamepad() on a non-object in /home/ubuntu/workspace/CST336/hw/hw2/inc/staticElements.php on line 87
[03-Nov-2018 18:31:12 UTC] PHP Stack trace:
[03-Nov-2018 18:31:12 UTC] PHP   1. {main}() /home/ubuntu/workspace/CST336/hw/hw2/index.php:0
[03-Nov-2018 18:31:12 UTC] PHP   2. Elements->getGameAreaIndex() /home/ubuntu/workspace/CST336/hw/hw2/index.php:11
[03-Nov-2018 18:31:12 UTC] PHP Fatal error:  Call to a member function getIndexGamepad() on a non-object in /home/ubuntu/workspace/CST336/hw/hw2/inc/staticElements.php on line 87
[03-Nov-2018 18:31:12 UTC] PHP Stack trace:
[03-Nov-2018 18:31:12 UTC] PHP   1. {main}() /home/ubuntu/workspace/CST336/hw/hw2/index.php:0
[03-Nov-2018 18:31:12 UTC] PHP   2. Elements->getGameAreaIndex() /home/ubuntu/workspace/CST336/hw/hw2/index.php:11
[03-Nov-2018 18:31:12 UTC] PHP Fatal error:  Call to a member function getIndexGamepad() on a non-object in /home/ubuntu/workspace/CST336/hw/hw2/inc/staticElements.php on line 87
[03-Nov-2018 18:31:12 UTC] PHP Stack trace:
[03-Nov-2018 18:31:12 UTC] PHP   1. {main}() /home/ubuntu/workspace/CST336/hw/hw2/index.php:0
[03-Nov-2018 18:31:12 UTC] PHP   2. Elements->getGameAreaIndex() /home/ubuntu/workspace/CST336/hw/hw2/index.php:11
[03-Nov-2018 18:31:12 UTC] PHP Fatal error:  Call to a member function getIndexGamepad() on a non-object in /home/ubuntu/workspace/CST336/hw/hw2/inc/staticElements.php on line 87
[03-Nov-2018 18:31:12 UTC] PHP Stack trace:
[03-Nov-2018 18:31:12 UTC] PHP   1. {main}() /home/ubuntu/workspace/CST336/hw/hw2/index.php:0
[03-Nov-2018 18:31:12 UTC] PHP   2. Elements->getGameAreaIndex() /home/ubuntu/workspace/CST336/hw/hw2/index.php:11
[03-Nov-2018 18:31:13 UTC] PHP Fatal error:  Call to a member function getIndexGamepad() on a non-object in /home/ubuntu/workspace/CST336/hw/hw2/inc/staticElements.php on line 87
[03-Nov-2018 18:31:13 UTC] PHP Stack trace:
[03-Nov-2018 18:31:13 UTC] PHP   1. {main}() /home/ubuntu/workspace/CST336/hw/hw2/index.php:0
[03-Nov-2018 18:31:13 UTC] PHP   2. Elements->getGameAreaIndex() /home/ubuntu/workspace/CST336/hw/hw2/index.php:11
[03-Nov-2018 18:31:13 UTC] PHP Fatal error:  Call to a member function getIndexGamepad() on a non-object in /home/ubuntu/workspace/CST336/hw/hw2/inc/staticElements.php on line 87
[03-Nov-2018 18:31:13 UTC] PHP Stack trace:
[03-Nov-2018 18:31:13 UTC] PHP   1. {main}() /home/ubuntu/workspace/CST336/hw/hw2/index.php:0
[03-Nov-2018 18:31:13 UTC] PHP   2. Elements->getGameAreaIndex() /home/ubuntu/workspace/CST336/hw/hw2/index.php:11
[03-Nov-2018 18:31:13 UTC] PHP Fatal error:  Call to a member function getIndexGamepad() on a non-object in /home/ubuntu/workspace/CST336/hw/hw2/inc/staticElements.php on line 87
[03-Nov-2018 18:31:13 UTC] PHP Stack trace:
[03-Nov-2018 18:31:13 UTC] PHP   1. {main}() /home/ubuntu/workspace/CST336/hw/hw2/index.php:0
[03-Nov-2018 18:31:13 UTC] PHP   2. Elements->getGameAreaIndex() /home/ubuntu/workspace/CST336/hw/hw2/index.php:11
[03-Nov-2018 18:31:13 UTC] PHP Fatal error:  Call to a member function getIndexGamepad() on a non-object in /home/ubuntu/workspace/CST336/hw/hw2/inc/staticElements.php on line 87
[03-Nov-2018 18:31:13 UTC] PHP Stack trace:
[03-Nov-2018 18:31:13 UTC] PHP   1. {main}() /home/ubuntu/workspace/CST336/hw/hw2/index.php:0
[03-Nov-2018 18:31:13 UTC] PHP   2. Elements->getGameAreaIndex() /home/ubuntu/workspace/CST336/hw/hw2/index.php:11
[03-Nov-2018 18:31:13 UTC] PHP Fatal error:  Call to a member function getIndexGamepad() on a non-object in /home/ubuntu/workspace/CST336/hw/hw2/inc/staticElements.php on line 87
[03-Nov-2018 18:31:13 UTC] PHP Stack trace:
[03-Nov-2018 18:31:13 UTC] PHP   1. {main}() /home/ubuntu/workspace/CST336/hw/hw2/index.php:0
[03-Nov-2018 18:31:13 UTC] PHP   2. Elements->getGameAreaIndex() /home/ubuntu/workspace/CST336/hw/hw2/index.php:11
[03-Nov-2018 18:31:14 UTC] PHP Fatal error:  Call to a member function getIndexGamepad() on a non-object in /home/ubuntu/workspace/CST336/hw/hw2/inc/staticElements.php on line 87
[03-Nov-2018 18:31:14 UTC] PHP Stack trace:
[03-Nov-2018 18:31:14 UTC] PHP   1. {main}() /home/ubuntu/workspace/CST336/hw/hw2/index.php:0
[03-Nov-2018 18:31:14 UTC] PHP   2. Elements->getGameAreaIndex() /home/ubuntu/workspace/CST336/hw/hw2/index.php:11
[03-Nov-2018 18:31:14 UTC] PHP Fatal error:  Call to a member function getIndexGamepad() on a non-object in /home/ubuntu/workspace/CST336/hw/hw2/inc/staticElements.php on line 87
[03-Nov-2018 18:31:14 UTC] PHP Stack trace:
[03-Nov-2018 18:31:14 UTC] PHP   1. {main}() /home/ubuntu/workspace/CST336/hw/hw2/index.php:0
[03-Nov-2018 18:31:14 UTC] PHP   2. Elements->getGameAreaIndex() /home/ubuntu/workspace/CST336/hw/hw2/index.php:11
[03-Nov-2018 18:32:29 UTC] PHP Fatal error:  Call to a member function getIndexGamepad() on a non-object in /home/ubuntu/workspace/CST336/hw/hw2/inc/staticElements.php on line 87
[03-Nov-2018 18:32:29 UTC] PHP Stack trace:
[03-Nov-2018 18:32:29 UTC] PHP   1. {main}() /home/ubuntu/workspace/CST336/hw/hw2/index.php:0
[03-Nov-2018 18:32:29 UTC] PHP   2. Elements->getGameAreaIndex() /home/ubuntu/workspace/CST336/hw/hw2/index.php:11
[03-Nov-2018 18:34:23 UTC] PHP Fatal error:  Call to a member function getIndexGamepad() on a non-object in /home/ubuntu/workspace/CST336/hw/hw2/inc/staticElements.php on line 87
[03-Nov-2018 18:34:23 UTC] PHP Stack trace:
[03-Nov-2018 18:34:23 UTC] PHP   1. {main}() /home/ubuntu/workspace/CST336/hw/hw2/index.php:0
[03-Nov-2018 18:34:23 UTC] PHP   2. Elements->getGameAreaIndex() /home/ubuntu/workspace/CST336/hw/hw2/index.php:11
[03-Nov-2018 18:37:26 UTC] PHP Fatal error:  Call to a member function getIndexGamepad() on a non-object in /home/ubuntu/workspace/CST336/hw/hw2/inc/staticElements.php on line 87
[03-Nov-2018 18:37:26 UTC] PHP Stack trace:
[03-Nov-2018 18:37:26 UTC] PHP   1. {main}() /home/ubuntu/workspace/CST336/hw/hw2/index.php:0
[03-Nov-2018 18:37:26 UTC] PHP   2. Elements->getGameAreaIndex() /home/ubuntu/workspace/CST336/hw/hw2/index.php:11
[03-Nov-2018 18:37:28 UTC] PHP Fatal error:  Call to a member function getIndexGamepad() on a non-object in /home/ubuntu/workspace/CST336/hw/hw2/inc/staticElements.php on line 87
[03-Nov-2018 18:37:28 UTC] PHP Stack trace:
[03-Nov-2018 18:37:28 UTC] PHP   1. {main}() /home/ubuntu/workspace/CST336/hw/hw2/index.php:0
[03-Nov-2018 18:37:28 UTC] PHP   2. Elements->getGameAreaIndex() /home/ubuntu/workspace/CST336/hw/hw2/index.php:11
[03-Nov-2018 18:37:29 UTC] PHP Fatal error:  Call to a member function getIndexGamepad() on a non-object in /home/ubuntu/workspace/CST336/hw/hw2/inc/staticElements.php on line 87
[03-Nov-2018 18:37:29 UTC] PHP Stack trace:
[03-Nov-2018 18:37:29 UTC] PHP   1. {main}() /home/ubuntu/workspace/CST336/hw/hw2/index.php:0
[03-Nov-2018 18:37:29 UTC] PHP   2. Elements->getGameAreaIndex() /home/ubuntu/workspace/CST336/hw/hw2/index.php:11
[03-Nov-2018 18:37:30 UTC] PHP Fatal error:  Call to a member function getIndexGamepad() on a non-object in /home/ubuntu/workspace/CST336/hw/hw2/inc/staticElements.php on line 87
[03-Nov-2018 18:37:30 UTC] PHP Stack trace:
[03-Nov-2018 18:37:30 UTC] PHP   1. {main}() /home/ubuntu/workspace/CST336/hw/hw2/index.php:0
[03-Nov-2018 18:37:30 UTC] PHP   2. Elements->getGameAreaIndex() /home/ubuntu/workspace/CST336/hw/hw2/index.php:11
[03-Nov-2018 18:37:31 UTC] PHP Fatal error:  Call to a member function getIndexGamepad() on a non-object in /home/ubuntu/workspace/CST336/hw/hw2/inc/staticElements.php on line 87
[03-Nov-2018 18:37:31 UTC] PHP Stack trace:
[03-Nov-2018 18:37:31 UTC] PHP   1. {main}() /home/ubuntu/workspace/CST336/hw/hw2/index.php:0
[03-Nov-2018 18:37:31 UTC] PHP   2. Elements->getGameAreaIndex() /home/ubuntu/workspace/CST336/hw/hw2/index.php:11
[03-Nov-2018 18:37:42 UTC] PHP Fatal error:  Call to a member function getIndexGamepad() on a non-object in /home/ubuntu/workspace/CST336/hw/hw2/inc/staticElements.php on line 87
[03-Nov-2018 18:37:42 UTC] PHP Stack trace:
[03-Nov-2018 18:37:42 UTC] PHP   1. {main}() /home/ubuntu/workspace/CST336/hw/hw2/index.php:0
[03-Nov-2018 18:37:42 UTC] PHP   2. Elements->getGameAreaIndex() /home/ubuntu/workspace/CST336/hw/hw2/index.php:11
[03-Nov-2018 18:39:14 UTC] PHP Fatal error:  Call to a member function getIndexGamepad() on a non-object in /home/ubuntu/workspace/CST336/hw/hw2/inc/staticElements.php on line 87
[03-Nov-2018 18:39:14 UTC] PHP Stack trace:
[03-Nov-2018 18:39:14 UTC] PHP   1. {main}() /home/ubuntu/workspace/CST336/hw/hw2/index.php:0
[03-Nov-2018 18:39:14 UTC] PHP   2. Elements->getGameAreaIndex() /home/ubuntu/workspace/CST336/hw/hw2/index.php:11
[03-Nov-2018 18:39:16 UTC] PHP Fatal error:  Call to a member function getIndexGamepad() on a non-object in /home/ubuntu/workspace/CST336/hw/hw2/inc/staticElements.php on line 87
[03-Nov-2018 18:39:16 UTC] PHP Stack trace:
[03-Nov-2018 18:39:16 UTC] PHP   1. {main}() /home/ubuntu/workspace/CST336/hw/hw2/index.php:0
[03-Nov-2018 18:39:16 UTC] PHP   2. Elements->getGameAreaIndex() /home/ubuntu/workspace/CST336/hw/hw2/index.php:11
[03-Nov-2018 18:39:17 UTC] PHP Fatal error:  Call to a member function getIndexGamepad() on a non-object in /home/ubuntu/workspace/CST336/hw/hw2/inc/staticElements.php on line 87
[03-Nov-2018 18:39:17 UTC] PHP Stack trace:
[03-Nov-2018 18:39:17 UTC] PHP   1. {main}() /home/ubuntu/workspace/CST336/hw/hw2/index.php:0
[03-Nov-2018 18:39:17 UTC] PHP   2. Elements->getGameAreaIndex() /home/ubuntu/workspace/CST336/hw/hw2/index.php:11
[03-Nov-2018 18:39:17 UTC] PHP Fatal error:  Call to a member function getIndexGamepad() on a non-object in /home/ubuntu/workspace/CST336/hw/hw2/inc/staticElements.php on line 87
[03-Nov-2018 18:39:17 UTC] PHP Stack trace:
[03-Nov-2018 18:39:17 UTC] PHP   1. {main}() /home/ubuntu/workspace/CST336/hw/hw2/index.php:0
[03-Nov-2018 18:39:17 UTC] PHP   2. Elements->getGameAreaIndex() /home/ubuntu/workspace/CST336/hw/hw2/index.php:11
[03-Nov-2018 18:39:17 UTC] PHP Fatal error:  Call to a member function getIndexGamepad() on a non-object in /home/ubuntu/workspace/CST336/hw/hw2/inc/staticElements.php on line 87
[03-Nov-2018 18:39:17 UTC] PHP Stack trace:
[03-Nov-2018 18:39:17 UTC] PHP   1. {main}() /home/ubuntu/workspace/CST336/hw/hw2/index.php:0
[03-Nov-2018 18:39:17 UTC] PHP   2. Elements->getGameAreaIndex() /home/ubuntu/workspace/CST336/hw/hw2/index.php:11
[03-Nov-2018 18:39:18 UTC] PHP Fatal error:  Call to a member function getIndexGamepad() on a non-object in /home/ubuntu/workspace/CST336/hw/hw2/inc/staticElements.php on line 87
[03-Nov-2018 18:39:18 UTC] PHP Stack trace:
[03-Nov-2018 18:39:18 UTC] PHP   1. {main}() /home/ubuntu/workspace/CST336/hw/hw2/index.php:0
[03-Nov-2018 18:39:18 UTC] PHP   2. Elements->getGameAreaIndex() /home/ubuntu/workspace/CST336/hw/hw2/index.php:11
[03-Nov-2018 18:39:18 UTC] PHP Fatal error:  Call to a member function getIndexGamepad() on a non-object in /home/ubuntu/workspace/CST336/hw/hw2/inc/staticElements.php on line 87
[03-Nov-2018 18:39:18 UTC] PHP Stack trace:
[03-Nov-2018 18:39:18 UTC] PHP   1. {main}() /home/ubuntu/workspace/CST336/hw/hw2/index.php:0
[03-Nov-2018 18:39:18 UTC] PHP   2. Elements->getGameAreaIndex() /home/ubuntu/workspace/CST336/hw/hw2/index.php:11
[03-Nov-2018 18:39:18 UTC] PHP Fatal error:  Call to a member function getIndexGamepad() on a non-object in /home/ubuntu/workspace/CST336/hw/hw2/inc/staticElements.php on line 87
[03-Nov-2018 18:39:18 UTC] PHP Stack trace:
[03-Nov-2018 18:39:18 UTC] PHP   1. {main}() /home/ubuntu/workspace/CST336/hw/hw2/index.php:0
[03-Nov-2018 18:39:18 UTC] PHP   2. Elements->getGameAreaIndex() /home/ubuntu/workspace/CST336/hw/hw2/index.php:11
[03-Nov-2018 18:39:18 UTC] PHP Fatal error:  Call to a member function getIndexGamepad() on a non-object in /home/ubuntu/workspace/CST336/hw/hw2/inc/staticElements.php on line 87
[03-Nov-2018 18:39:18 UTC] PHP Stack trace:
[03-Nov-2018 18:39:18 UTC] PHP   1. {main}() /home/ubuntu/workspace/CST336/hw/hw2/index.php:0
[03-Nov-2018 18:39:18 UTC] PHP   2. Elements->getGameAreaIndex() /home/ubuntu/workspace/CST336/hw/hw2/index.php:11
[03-Nov-2018 18:39:18 UTC] PHP Fatal error:  Call to a member function getIndexGamepad() on a non-object in /home/ubuntu/workspace/CST336/hw/hw2/inc/staticElements.php on line 87
[03-Nov-2018 18:39:18 UTC] PHP Stack trace:
[03-Nov-2018 18:39:18 UTC] PHP   1. {main}() /home/ubuntu/workspace/CST336/hw/hw2/index.php:0
[03-Nov-2018 18:39:18 UTC] PHP   2. Elements->getGameAreaIndex() /home/ubuntu/workspace/CST336/hw/hw2/index.php:11
[03-Nov-2018 18:39:19 UTC] PHP Fatal error:  Call to a member function getIndexGamepad() on a non-object in /home/ubuntu/workspace/CST336/hw/hw2/inc/staticElements.php on line 87
[03-Nov-2018 18:39:19 UTC] PHP Stack trace:
[03-Nov-2018 18:39:19 UTC] PHP   1. {main}() /home/ubuntu/workspace/CST336/hw/hw2/index.php:0
[03-Nov-2018 18:39:19 UTC] PHP   2. Elements->getGameAreaIndex() /home/ubuntu/workspace/CST336/hw/hw2/index.php:11
[03-Nov-2018 18:39:19 UTC] PHP Fatal error:  Call to a member function getIndexGamepad() on a non-object in /home/ubuntu/workspace/CST336/hw/hw2/inc/staticElements.php on line 87
[03-Nov-2018 18:39:19 UTC] PHP Stack trace:
[03-Nov-2018 18:39:19 UTC] PHP   1. {main}() /home/ubuntu/workspace/CST336/hw/hw2/index.php:0
[03-Nov-2018 18:39:19 UTC] PHP   2. Elements->getGameAreaIndex() /home/ubuntu/workspace/CST336/hw/hw2/index.php:11
[03-Nov-2018 18:39:19 UTC] PHP Fatal error:  Call to a member function getIndexGamepad() on a non-object in /home/ubuntu/workspace/CST336/hw/hw2/inc/staticElements.php on line 87
[03-Nov-2018 18:39:19 UTC] PHP Stack trace:
[03-Nov-2018 18:39:19 UTC] PHP   1. {main}() /home/ubuntu/workspace/CST336/hw/hw2/index.php:0
[03-Nov-2018 18:39:19 UTC] PHP   2. Elements->getGameAreaIndex() /home/ubuntu/workspace/CST336/hw/hw2/index.php:11
[03-Nov-2018 18:39:19 UTC] PHP Fatal error:  Call to a member function getIndexGamepad() on a non-object in /home/ubuntu/workspace/CST336/hw/hw2/inc/staticElements.php on line 87
[03-Nov-2018 18:39:19 UTC] PHP Stack trace:
[03-Nov-2018 18:39:19 UTC] PHP   1. {main}() /home/ubuntu/workspace/CST336/hw/hw2/index.php:0
[03-Nov-2018 18:39:19 UTC] PHP   2. Elements->getGameAreaIndex() /home/ubuntu/workspace/CST336/hw/hw2/index.php:11
[03-Nov-2018 18:39:19 UTC] PHP Fatal error:  Call to a member function getIndexGamepad() on a non-object in /home/ubuntu/workspace/CST336/hw/hw2/inc/staticElements.php on line 87
[03-Nov-2018 18:39:19 UTC] PHP Stack trace:
[03-Nov-2018 18:39:19 UTC] PHP   1. {main}() /home/ubuntu/workspace/CST336/hw/hw2/index.php:0
[03-Nov-2018 18:39:19 UTC] PHP   2. Elements->getGameAreaIndex() /home/ubuntu/workspace/CST336/hw/hw2/index.php:11
[03-Nov-2018 18:39:29 UTC] PHP Fatal error:  Call to a member function getIndexGamepad() on a non-object in /home/ubuntu/workspace/CST336/hw/hw2/inc/staticElements.php on line 87
[03-Nov-2018 18:39:29 UTC] PHP Stack trace:
[03-Nov-2018 18:39:29 UTC] PHP   1. {main}() /home/ubuntu/workspace/CST336/hw/hw2/index.php:0
[03-Nov-2018 18:39:29 UTC] PHP   2. Elements->getGameAreaIndex() /home/ubuntu/workspace/CST336/hw/hw2/index.php:11
[03-Nov-2018 18:39:52 UTC] PHP Fatal error:  Call to a member function getIndexGamepad() on a non-object in /home/ubuntu/workspace/CST336/hw/hw2/inc/staticElements.php on line 87
[03-Nov-2018 18:39:52 UTC] PHP Stack trace:
[03-Nov-2018 18:39:52 UTC] PHP   1. {main}() /home/ubuntu/workspace/CST336/hw/hw2/index.php:0
[03-Nov-2018 18:39:52 UTC] PHP   2. Elements->getGameAreaIndex() /home/ubuntu/workspace/CST336/hw/hw2/index.php:11
[03-Nov-2018 18:40:33 UTC] PHP Fatal error:  Call to a member function getIndexGamepad() on a non-object in /home/ubuntu/workspace/CST336/hw/hw2/inc/staticElements.php on line 87
[03-Nov-2018 18:40:33 UTC] PHP Stack trace:
[03-Nov-2018 18:40:33 UTC] PHP   1. {main}() /home/ubuntu/workspace/CST336/hw/hw2/index.php:0
[03-Nov-2018 18:40:33 UTC] PHP   2. Elements->getGameAreaIndex() /home/ubuntu/workspace/CST336/hw/hw2/index.php:11
[03-Nov-2018 18:40:35 UTC] PHP Fatal error:  Call to a member function getIndexGamepad() on a non-object in /home/ubuntu/workspace/CST336/hw/hw2/inc/staticElements.php on line 87
[03-Nov-2018 18:40:35 UTC] PHP Stack trace:
[03-Nov-2018 18:40:35 UTC] PHP   1. {main}() /home/ubuntu/workspace/CST336/hw/hw2/index.php:0
[03-Nov-2018 18:40:35 UTC] PHP   2. Elements->getGameAreaIndex() /home/ubuntu/workspace/CST336/hw/hw2/index.php:11
[03-Nov-2018 18:40:36 UTC] PHP Fatal error:  Call to a member function getIndexGamepad() on a non-object in /home/ubuntu/workspace/CST336/hw/hw2/inc/staticElements.php on line 87
[03-Nov-2018 18:40:36 UTC] PHP Stack trace:
[03-Nov-2018 18:40:36 UTC] PHP   1. {main}() /home/ubuntu/workspace/CST336/hw/hw2/index.php:0
[03-Nov-2018 18:40:36 UTC] PHP   2. Elements->getGameAreaIndex() /home/ubuntu/workspace/CST336/hw/hw2/index.php:11
[03-Nov-2018 18:40:36 UTC] PHP Fatal error:  Call to a member function getIndexGamepad() on a non-object in /home/ubuntu/workspace/CST336/hw/hw2/inc/staticElements.php on line 87
[03-Nov-2018 18:40:36 UTC] PHP Stack trace:
[03-Nov-2018 18:40:36 UTC] PHP   1. {main}() /home/ubuntu/workspace/CST336/hw/hw2/index.php:0
[03-Nov-2018 18:40:36 UTC] PHP   2. Elements->getGameAreaIndex() /home/ubuntu/workspace/CST336/hw/hw2/index.php:11
[03-Nov-2018 18:40:37 UTC] PHP Fatal error:  Call to a member function getIndexGamepad() on a non-object in /home/ubuntu/workspace/CST336/hw/hw2/inc/staticElements.php on line 87
[03-Nov-2018 18:40:37 UTC] PHP Stack trace:
[03-Nov-2018 18:40:37 UTC] PHP   1. {main}() /home/ubuntu/workspace/CST336/hw/hw2/index.php:0
[03-Nov-2018 18:40:37 UTC] PHP   2. Elements->getGameAreaIndex() /home/ubuntu/workspace/CST336/hw/hw2/index.php:11
[03-Nov-2018 18:40:37 UTC] PHP Fatal error:  Call to a member function getIndexGamepad() on a non-object in /home/ubuntu/workspace/CST336/hw/hw2/inc/staticElements.php on line 87
[03-Nov-2018 18:40:37 UTC] PHP Stack trace:
[03-Nov-2018 18:40:37 UTC] PHP   1. {main}() /home/ubuntu/workspace/CST336/hw/hw2/index.php:0
[03-Nov-2018 18:40:37 UTC] PHP   2. Elements->getGameAreaIndex() /home/ubuntu/workspace/CST336/hw/hw2/index.php:11
[03-Nov-2018 18:40:38 UTC] PHP Fatal error:  Call to a member function getIndexGamepad() on a non-object in /home/ubuntu/workspace/CST336/hw/hw2/inc/staticElements.php on line 87
[03-Nov-2018 18:40:38 UTC] PHP Stack trace:
[03-Nov-2018 18:40:38 UTC] PHP   1. {main}() /home/ubuntu/workspace/CST336/hw/hw2/index.php:0
[03-Nov-2018 18:40:38 UTC] PHP   2. Elements->getGameAreaIndex() /home/ubuntu/workspace/CST336/hw/hw2/index.php:11
[03-Nov-2018 18:40:48 UTC] PHP Fatal error:  Call to a member function getIndexGamepad() on a non-object in /home/ubuntu/workspace/CST336/hw/hw2/inc/staticElements.php on line 87
[03-Nov-2018 18:40:48 UTC] PHP Stack trace:
[03-Nov-2018 18:40:48 UTC] PHP   1. {main}() /home/ubuntu/workspace/CST336/hw/hw2/index.php:0
[03-Nov-2018 18:40:48 UTC] PHP   2. Elements->getGameAreaIndex() /home/ubuntu/workspace/CST336/hw/hw2/index.php:11
[03-Nov-2018 18:41:03 UTC] PHP Fatal error:  Call to a member function getIndexGamepad() on a non-object in /home/ubuntu/workspace/CST336/hw/hw2/inc/staticElements.php on line 87
[03-Nov-2018 18:41:03 UTC] PHP Stack trace:
[03-Nov-2018 18:41:03 UTC] PHP   1. {main}() /home/ubuntu/workspace/CST336/hw/hw2/index.php:0
[03-Nov-2018 18:41:03 UTC] PHP   2. Elements->getGameAreaIndex() /home/ubuntu/workspace/CST336/hw/hw2/index.php:11
[03-Nov-2018 18:41:10 UTC] PHP Fatal error:  Call to a member function getIndexGamepad() on a non-object in /home/ubuntu/workspace/CST336/hw/hw2/inc/staticElements.php on line 87
[03-Nov-2018 18:41:10 UTC] PHP Stack trace:
[03-Nov-2018 18:41:10 UTC] PHP   1. {main}() /home/ubuntu/workspace/CST336/hw/hw2/index.php:0
[03-Nov-2018 18:41:10 UTC] PHP   2. Elements->getGameAreaIndex() /home/ubuntu/workspace/CST336/hw/hw2/index.php:11
[03-Nov-2018 18:42:27 UTC] PHP Parse error:  syntax error, unexpected '$pad' (T_VARIABLE), expecting function (T_FUNCTION) in /home/ubuntu/workspace/CST336/hw/hw2/inc/staticElements.php on line 10
[03-Nov-2018 18:42:27 UTC] PHP Stack trace:
[03-Nov-2018 18:42:27 UTC] PHP   1. {main}() /home/ubuntu/workspace/CST336/hw/hw2/index.php:0
[04-Nov-2018 05:31:50 UTC] PHP Warning:  include(./gameInfo.php): failed to open stream: No such file or directory in /home/ubuntu/workspace/CST336/hw/hw2/inc/animalRow.php on line 2
[04-Nov-2018 05:31:50 UTC] PHP Stack trace:
[04-Nov-2018 05:31:50 UTC] PHP   1. {main}() /home/ubuntu/workspace/CST336/hw/hw2/play.php:0
[04-Nov-2018 05:31:50 UTC] PHP   2. include() /home/ubuntu/workspace/CST336/hw/hw2/play.php:6
[04-Nov-2018 05:31:50 UTC] PHP Warning:  include(): Failed opening './gameInfo.php' for inclusion (include_path='.:/usr/share/php:/usr/share/pear') in /home/ubuntu/workspace/CST336/hw/hw2/inc/animalRow.php on line 2
[04-Nov-2018 05:31:50 UTC] PHP Stack trace:
[04-Nov-2018 05:31:50 UTC] PHP   1. {main}() /home/ubuntu/workspace/CST336/hw/hw2/play.php:0
[04-Nov-2018 05:31:50 UTC] PHP   2. include() /home/ubuntu/workspace/CST336/hw/hw2/play.php:6
[04-Nov-2018 05:31:50 UTC] PHP Fatal error:  Call to undefined function getAnimals() in /home/ubuntu/workspace/CST336/hw/hw2/inc/animalRow.php on line 52
[04-Nov-2018 05:31:50 UTC] PHP Stack trace:
[04-Nov-2018 05:31:50 UTC] PHP   1. {main}() /home/ubuntu/workspace/CST336/hw/hw2/play.php:0
[04-Nov-2018 05:31:50 UTC] PHP   2. include() /home/ubuntu/workspace/CST336/hw/hw2/play.php:6
[04-Nov-2018 05:49:55 UTC] PHP Warning:  in_array() expects parameter 2 to be array, null given in /home/ubuntu/workspace/CST336/hw/hw2/quit.php on line 18
[04-Nov-2018 05:49:55 UTC] PHP Stack trace:
[04-Nov-2018 05:49:55 UTC] PHP   1. {main}() /home/ubuntu/workspace/CST336/hw/hw2/quit.php:0
[04-Nov-2018 05:49:55 UTC] PHP   2. in_array() /home/ubuntu/workspace/CST336/hw/hw2/quit.php:18
[04-Nov-2018 06:07:06 UTC] PHP Fatal error:  Class 'ob1' not found in /home/ubuntu/workspace/CST336/hw/hw2/quit.php on line 23
[04-Nov-2018 06:07:06 UTC] PHP Stack trace:
[04-Nov-2018 06:07:06 UTC] PHP   1. {main}() /home/ubuntu/workspace/CST336/hw/hw2/quit.php:0
[04-Nov-2018 06:08:14 UTC] PHP Catchable fatal error:  Object of class Game could not be converted to string in /home/ubuntu/workspace/CST336/hw/hw2/quit.php on line 23
[04-Nov-2018 06:08:14 UTC] PHP Stack trace:
[04-Nov-2018 06:08:14 UTC] PHP   1. {main}() /home/ubuntu/workspace/CST336/hw/hw2/quit.php:0
