[04-Nov-2018 03:17:25 UTC] PHP Warning:  include(./inc/staticElements.php): failed to open stream: No such file or directory in /home/ubuntu/workspace/CST336/hw/hw2/inc/chicken.php on line 20
[04-Nov-2018 03:17:25 UTC] PHP Stack trace:
[04-Nov-2018 03:17:25 UTC] PHP   1. {main}() /home/ubuntu/workspace/CST336/hw/hw2/inc/chicken.php:0
[04-Nov-2018 03:17:25 UTC] PHP Warning:  include(): Failed opening './inc/staticElements.php' for inclusion (include_path='.:/usr/share/php:/usr/share/pear') in /home/ubuntu/workspace/CST336/hw/hw2/inc/chicken.php on line 20
[04-Nov-2018 03:17:25 UTC] PHP Stack trace:
[04-Nov-2018 03:17:25 UTC] PHP   1. {main}() /home/ubuntu/workspace/CST336/hw/hw2/inc/chicken.php:0
[04-Nov-2018 03:17:25 UTC] PHP Warning:  include(./inc/header.php): failed to open stream: No such file or directory in /home/ubuntu/workspace/CST336/hw/hw2/inc/chicken.php on line 21
[04-Nov-2018 03:17:25 UTC] PHP Stack trace:
[04-Nov-2018 03:17:25 UTC] PHP   1. {main}() /home/ubuntu/workspace/CST336/hw/hw2/inc/chicken.php:0
[04-Nov-2018 03:17:25 UTC] PHP Warning:  include(): Failed opening './inc/header.php' for inclusion (include_path='.:/usr/share/php:/usr/share/pear') in /home/ubuntu/workspace/CST336/hw/hw2/inc/chicken.php on line 21
[04-Nov-2018 03:17:25 UTC] PHP Stack trace:
[04-Nov-2018 03:17:25 UTC] PHP   1. {main}() /home/ubuntu/workspace/CST336/hw/hw2/inc/chicken.php:0
[04-Nov-2018 03:17:25 UTC] PHP Warning:  include(./inc/titleBar.php): failed to open stream: No such file or directory in /home/ubuntu/workspace/CST336/hw/hw2/inc/chicken.php on line 22
[04-Nov-2018 03:17:25 UTC] PHP Stack trace:
[04-Nov-2018 03:17:25 UTC] PHP   1. {main}() /home/ubuntu/workspace/CST336/hw/hw2/inc/chicken.php:0
[04-Nov-2018 03:17:25 UTC] PHP Warning:  include(): Failed opening './inc/titleBar.php' for inclusion (include_path='.:/usr/share/php:/usr/share/pear') in /home/ubuntu/workspace/CST336/hw/hw2/inc/chicken.php on line 22
[04-Nov-2018 03:17:25 UTC] PHP Stack trace:
[04-Nov-2018 03:17:25 UTC] PHP   1. {main}() /home/ubuntu/workspace/CST336/hw/hw2/inc/chicken.php:0
[04-Nov-2018 03:17:25 UTC] PHP Fatal error:  Call to undefined function getBoilerplate() in /home/ubuntu/workspace/CST336/hw/hw2/inc/chicken.php on line 25
[04-Nov-2018 03:17:25 UTC] PHP Stack trace:
[04-Nov-2018 03:17:25 UTC] PHP   1. {main}() /home/ubuntu/workspace/CST336/hw/hw2/inc/chicken.php:0
[04-Nov-2018 03:23:14 UTC] PHP Fatal error:  Using $this when not in object context in /home/ubuntu/workspace/CST336/hw/hw2/inc/chicken.php on line 11
[04-Nov-2018 03:23:14 UTC] PHP Stack trace:
[04-Nov-2018 03:23:14 UTC] PHP   1. {main}() /home/ubuntu/workspace/CST336/hw/hw2/inc/chicken.php:0
[04-Nov-2018 03:23:14 UTC] PHP   2. getChicken() /home/ubuntu/workspace/CST336/hw/hw2/inc/chicken.php:29
[04-Nov-2018 03:23:21 UTC] PHP Fatal error:  Using $this when not in object context in /home/ubuntu/workspace/CST336/hw/hw2/inc/chicken.php on line 11
[04-Nov-2018 03:23:21 UTC] PHP Stack trace:
[04-Nov-2018 03:23:21 UTC] PHP   1. {main}() /home/ubuntu/workspace/CST336/hw/hw2/inc/chicken.php:0
[04-Nov-2018 03:23:21 UTC] PHP   2. getChicken() /home/ubuntu/workspace/CST336/hw/hw2/inc/chicken.php:29
[04-Nov-2018 03:28:26 UTC] PHP Parse error:  syntax error, unexpected '$text' (T_VARIABLE), expecting ',' or ';' in /home/ubuntu/workspace/CST336/hw/hw2/inc/chicken.php on line 6
[04-Nov-2018 03:33:08 UTC] PHP Parse error:  syntax error, unexpected 'global' (T_GLOBAL) in /home/ubuntu/workspace/CST336/hw/hw2/inc/chicken.php on line 6
[04-Nov-2018 05:32:05 UTC] PHP Warning:  array_push() expects parameter 1 to be array, null given in /home/ubuntu/workspace/CST336/hw/hw2/inc/gameInfo.php on line 5
[04-Nov-2018 05:32:05 UTC] PHP Stack trace:
[04-Nov-2018 05:32:05 UTC] PHP   1. {main}() /home/ubuntu/workspace/CST336/hw/hw2/inc/chicken.php:0
[04-Nov-2018 05:32:05 UTC] PHP   2. addAnimal() /home/ubuntu/workspace/CST336/hw/hw2/inc/chicken.php:33
[04-Nov-2018 05:32:05 UTC] PHP   3. array_push() /home/ubuntu/workspace/CST336/hw/hw2/inc/gameInfo.php:5
[04-Nov-2018 05:39:24 UTC] PHP Warning:  array_push() expects parameter 1 to be array, null given in /home/ubuntu/workspace/CST336/hw/hw2/inc/gameInfo.php on line 5
[04-Nov-2018 05:39:24 UTC] PHP Stack trace:
[04-Nov-2018 05:39:24 UTC] PHP   1. {main}() /home/ubuntu/workspace/CST336/hw/hw2/inc/chicken.php:0
[04-Nov-2018 05:39:24 UTC] PHP   2. addAnimal() /home/ubuntu/workspace/CST336/hw/hw2/inc/chicken.php:34
[04-Nov-2018 05:39:24 UTC] PHP   3. array_push() /home/ubuntu/workspace/CST336/hw/hw2/inc/gameInfo.php:5
[04-Nov-2018 05:40:03 UTC] PHP Warning:  array_push() expects parameter 1 to be array, null given in /home/ubuntu/workspace/CST336/hw/hw2/inc/gameInfo.php on line 6
[04-Nov-2018 05:40:03 UTC] PHP Stack trace:
[04-Nov-2018 05:40:03 UTC] PHP   1. {main}() /home/ubuntu/workspace/CST336/hw/hw2/inc/chicken.php:0
[04-Nov-2018 05:40:03 UTC] PHP   2. addAnimal() /home/ubuntu/workspace/CST336/hw/hw2/inc/chicken.php:34
[04-Nov-2018 05:40:03 UTC] PHP   3. array_push() /home/ubuntu/workspace/CST336/hw/hw2/inc/gameInfo.php:6
[04-Nov-2018 05:41:02 UTC] PHP Fatal error:  Using $this when not in object context in /home/ubuntu/workspace/CST336/hw/hw2/inc/gameInfo.php on line 5
[04-Nov-2018 05:41:02 UTC] PHP Stack trace:
[04-Nov-2018 05:41:02 UTC] PHP   1. {main}() /home/ubuntu/workspace/CST336/hw/hw2/inc/chicken.php:0
[04-Nov-2018 05:41:02 UTC] PHP   2. addAnimal() /home/ubuntu/workspace/CST336/hw/hw2/inc/chicken.php:34
[04-Nov-2018 06:03:21 UTC] PHP Warning:  array_push() expects parameter 1 to be array, null given in /home/ubuntu/workspace/CST336/hw/hw2/inc/gameInfoTest.php on line 6
[04-Nov-2018 06:03:21 UTC] PHP Stack trace:
[04-Nov-2018 06:03:21 UTC] PHP   1. {main}() /home/ubuntu/workspace/CST336/hw/hw2/inc/chicken.php:0
[04-Nov-2018 06:03:21 UTC] PHP   2. Game->addAnimal() /home/ubuntu/workspace/CST336/hw/hw2/inc/chicken.php:37
[04-Nov-2018 06:03:21 UTC] PHP   3. array_push() /home/ubuntu/workspace/CST336/hw/hw2/inc/gameInfoTest.php:6
[04-Nov-2018 06:03:38 UTC] PHP Fatal error:  Cannot access empty property in /home/ubuntu/workspace/CST336/hw/hw2/inc/gameInfoTest.php on line 6
[04-Nov-2018 06:03:38 UTC] PHP Stack trace:
[04-Nov-2018 06:03:38 UTC] PHP   1. {main}() /home/ubuntu/workspace/CST336/hw/hw2/inc/chicken.php:0
[04-Nov-2018 06:03:38 UTC] PHP   2. Game->addAnimal() /home/ubuntu/workspace/CST336/hw/hw2/inc/chicken.php:37
[04-Nov-2018 06:04:03 UTC] PHP Warning:  array_push() expects parameter 1 to be array, null given in /home/ubuntu/workspace/CST336/hw/hw2/inc/gameInfoTest.php on line 7
[04-Nov-2018 06:04:03 UTC] PHP Stack trace:
[04-Nov-2018 06:04:03 UTC] PHP   1. {main}() /home/ubuntu/workspace/CST336/hw/hw2/inc/chicken.php:0
[04-Nov-2018 06:04:03 UTC] PHP   2. Game->addAnimal() /home/ubuntu/workspace/CST336/hw/hw2/inc/chicken.php:37
[04-Nov-2018 06:04:03 UTC] PHP   3. array_push() /home/ubuntu/workspace/CST336/hw/hw2/inc/gameInfoTest.php:7
[04-Nov-2018 06:04:12 UTC] PHP Warning:  array_push() expects parameter 1 to be array, null given in /home/ubuntu/workspace/CST336/hw/hw2/inc/gameInfoTest.php on line 7
[04-Nov-2018 06:04:12 UTC] PHP Stack trace:
[04-Nov-2018 06:04:12 UTC] PHP   1. {main}() /home/ubuntu/workspace/CST336/hw/hw2/inc/chicken.php:0
[04-Nov-2018 06:04:12 UTC] PHP   2. Game->addAnimal() /home/ubuntu/workspace/CST336/hw/hw2/inc/chicken.php:37
[04-Nov-2018 06:04:12 UTC] PHP   3. array_push() /home/ubuntu/workspace/CST336/hw/hw2/inc/gameInfoTest.php:7
