[13-Nov-2018 12:50:59 UTC] PHP Warning:  include(wmapi): failed to open stream: No such file or directory in /home/ubuntu/workspace/CST336/Labs/lab4/scart/index.php on line 9
[13-Nov-2018 12:50:59 UTC] PHP Stack trace:
[13-Nov-2018 12:50:59 UTC] PHP   1. {main}() /home/ubuntu/workspace/CST336/Labs/lab4/scart/index.php:0
[13-Nov-2018 12:50:59 UTC] PHP Warning:  include(): Failed opening 'wmapi' for inclusion (include_path='.:/usr/share/php:/usr/share/pear') in /home/ubuntu/workspace/CST336/Labs/lab4/scart/index.php on line 9
[13-Nov-2018 12:50:59 UTC] PHP Stack trace:
[13-Nov-2018 12:50:59 UTC] PHP   1. {main}() /home/ubuntu/workspace/CST336/Labs/lab4/scart/index.php:0
[13-Nov-2018 12:50:59 UTC] PHP Fatal error:  Call to undefined function getProducts() in /home/ubuntu/workspace/CST336/Labs/lab4/scart/index.php on line 10
[13-Nov-2018 12:50:59 UTC] PHP Stack trace:
[13-Nov-2018 12:50:59 UTC] PHP   1. {main}() /home/ubuntu/workspace/CST336/Labs/lab4/scart/index.php:0
[13-Nov-2018 12:51:21 UTC] PHP Warning:  include(wmapiphp): failed to open stream: No such file or directory in /home/ubuntu/workspace/CST336/Labs/lab4/scart/index.php on line 9
[13-Nov-2018 12:51:21 UTC] PHP Stack trace:
[13-Nov-2018 12:51:21 UTC] PHP   1. {main}() /home/ubuntu/workspace/CST336/Labs/lab4/scart/index.php:0
[13-Nov-2018 12:51:21 UTC] PHP Warning:  include(): Failed opening 'wmapiphp' for inclusion (include_path='.:/usr/share/php:/usr/share/pear') in /home/ubuntu/workspace/CST336/Labs/lab4/scart/index.php on line 9
[13-Nov-2018 12:51:21 UTC] PHP Stack trace:
[13-Nov-2018 12:51:21 UTC] PHP   1. {main}() /home/ubuntu/workspace/CST336/Labs/lab4/scart/index.php:0
[13-Nov-2018 12:51:21 UTC] PHP Fatal error:  Call to undefined function getProducts() in /home/ubuntu/workspace/CST336/Labs/lab4/scart/index.php on line 10
[13-Nov-2018 12:51:21 UTC] PHP Stack trace:
[13-Nov-2018 12:51:21 UTC] PHP   1. {main}() /home/ubuntu/workspace/CST336/Labs/lab4/scart/index.php:0
[13-Nov-2018 12:59:35 UTC] PHP Warning:  Invalid argument supplied for foreach() in /home/ubuntu/workspace/CST336/Labs/lab4/scart/functions.php on line 6
[13-Nov-2018 12:59:35 UTC] PHP Stack trace:
[13-Nov-2018 12:59:35 UTC] PHP   1. {main}() /home/ubuntu/workspace/CST336/Labs/lab4/scart/index.php:0
[13-Nov-2018 12:59:35 UTC] PHP   2. displayResults() /home/ubuntu/workspace/CST336/Labs/lab4/scart/index.php:55
[13-Nov-2018 12:59:38 UTC] PHP Warning:  Invalid argument supplied for foreach() in /home/ubuntu/workspace/CST336/Labs/lab4/scart/functions.php on line 6
[13-Nov-2018 12:59:38 UTC] PHP Stack trace:
[13-Nov-2018 12:59:38 UTC] PHP   1. {main}() /home/ubuntu/workspace/CST336/Labs/lab4/scart/index.php:0
[13-Nov-2018 12:59:38 UTC] PHP   2. displayResults() /home/ubuntu/workspace/CST336/Labs/lab4/scart/index.php:55
[13-Nov-2018 13:14:19 UTC] PHP Fatal error:  Call to undefined function displayCart() in /home/ubuntu/workspace/CST336/Labs/lab4/scart/scart.php on line 37
[13-Nov-2018 13:14:19 UTC] PHP Stack trace:
[13-Nov-2018 13:14:19 UTC] PHP   1. {main}() /home/ubuntu/workspace/CST336/Labs/lab4/scart/scart.php:0
[13-Nov-2018 13:14:40 UTC] PHP Fatal error:  Call to undefined function displayCart() in /home/ubuntu/workspace/CST336/Labs/lab4/scart/scart.php on line 37
[13-Nov-2018 13:14:40 UTC] PHP Stack trace:
[13-Nov-2018 13:14:40 UTC] PHP   1. {main}() /home/ubuntu/workspace/CST336/Labs/lab4/scart/scart.php:0
[13-Nov-2018 13:14:41 UTC] PHP Warning:  Invalid argument supplied for foreach() in /home/ubuntu/workspace/CST336/Labs/lab4/scart/functions.php on line 6
[13-Nov-2018 13:14:41 UTC] PHP Stack trace:
[13-Nov-2018 13:14:41 UTC] PHP   1. {main}() /home/ubuntu/workspace/CST336/Labs/lab4/scart/index.php:0
[13-Nov-2018 13:14:41 UTC] PHP   2. displayResults() /home/ubuntu/workspace/CST336/Labs/lab4/scart/index.php:65
[13-Nov-2018 13:14:42 UTC] PHP Fatal error:  Call to undefined function displayCart() in /home/ubuntu/workspace/CST336/Labs/lab4/scart/scart.php on line 37
[13-Nov-2018 13:14:42 UTC] PHP Stack trace:
[13-Nov-2018 13:14:42 UTC] PHP   1. {main}() /home/ubuntu/workspace/CST336/Labs/lab4/scart/scart.php:0
[13-Nov-2018 13:16:41 UTC] PHP Warning:  Invalid argument supplied for foreach() in /home/ubuntu/workspace/CST336/Labs/lab4/scart/functions.php on line 32
[13-Nov-2018 13:16:41 UTC] PHP Stack trace:
[13-Nov-2018 13:16:41 UTC] PHP   1. {main}() /home/ubuntu/workspace/CST336/Labs/lab4/scart/scart.php:0
[13-Nov-2018 13:16:41 UTC] PHP   2. displayCart() /home/ubuntu/workspace/CST336/Labs/lab4/scart/scart.php:40
[13-Nov-2018 13:16:46 UTC] PHP Warning:  Invalid argument supplied for foreach() in /home/ubuntu/workspace/CST336/Labs/lab4/scart/functions.php on line 6
[13-Nov-2018 13:16:46 UTC] PHP Stack trace:
[13-Nov-2018 13:16:46 UTC] PHP   1. {main}() /home/ubuntu/workspace/CST336/Labs/lab4/scart/index.php:0
[13-Nov-2018 13:16:46 UTC] PHP   2. displayResults() /home/ubuntu/workspace/CST336/Labs/lab4/scart/index.php:65
[13-Nov-2018 13:17:10 UTC] PHP Warning:  array_push() expects parameter 1 to be array, string given in /home/ubuntu/workspace/CST336/Labs/lab4/scart/index.php on line 10
[13-Nov-2018 13:17:10 UTC] PHP Stack trace:
[13-Nov-2018 13:17:10 UTC] PHP   1. {main}() /home/ubuntu/workspace/CST336/Labs/lab4/scart/index.php:0
[13-Nov-2018 13:17:10 UTC] PHP   2. array_push() /home/ubuntu/workspace/CST336/Labs/lab4/scart/index.php:10
[13-Nov-2018 13:17:13 UTC] PHP Warning:  array_push() expects parameter 1 to be array, string given in /home/ubuntu/workspace/CST336/Labs/lab4/scart/index.php on line 10
[13-Nov-2018 13:17:13 UTC] PHP Stack trace:
[13-Nov-2018 13:17:13 UTC] PHP   1. {main}() /home/ubuntu/workspace/CST336/Labs/lab4/scart/index.php:0
[13-Nov-2018 13:17:13 UTC] PHP   2. array_push() /home/ubuntu/workspace/CST336/Labs/lab4/scart/index.php:10
[13-Nov-2018 13:17:15 UTC] PHP Warning:  array_push() expects parameter 1 to be array, string given in /home/ubuntu/workspace/CST336/Labs/lab4/scart/index.php on line 10
[13-Nov-2018 13:17:15 UTC] PHP Stack trace:
[13-Nov-2018 13:17:15 UTC] PHP   1. {main}() /home/ubuntu/workspace/CST336/Labs/lab4/scart/index.php:0
[13-Nov-2018 13:17:15 UTC] PHP   2. array_push() /home/ubuntu/workspace/CST336/Labs/lab4/scart/index.php:10
[13-Nov-2018 13:17:17 UTC] PHP Warning:  Invalid argument supplied for foreach() in /home/ubuntu/workspace/CST336/Labs/lab4/scart/functions.php on line 32
[13-Nov-2018 13:17:17 UTC] PHP Stack trace:
[13-Nov-2018 13:17:17 UTC] PHP   1. {main}() /home/ubuntu/workspace/CST336/Labs/lab4/scart/scart.php:0
[13-Nov-2018 13:17:17 UTC] PHP   2. displayCart() /home/ubuntu/workspace/CST336/Labs/lab4/scart/scart.php:40
[13-Nov-2018 13:18:29 UTC] PHP Warning:  Invalid argument supplied for foreach() in /home/ubuntu/workspace/CST336/Labs/lab4/scart/functions.php on line 6
[13-Nov-2018 13:18:29 UTC] PHP Stack trace:
[13-Nov-2018 13:18:29 UTC] PHP   1. {main}() /home/ubuntu/workspace/CST336/Labs/lab4/scart/index.php:0
[13-Nov-2018 13:18:29 UTC] PHP   2. displayResults() /home/ubuntu/workspace/CST336/Labs/lab4/scart/index.php:65
[13-Nov-2018 13:18:48 UTC] PHP Warning:  array_push() expects parameter 1 to be array, string given in /home/ubuntu/workspace/CST336/Labs/lab4/scart/index.php on line 10
[13-Nov-2018 13:18:48 UTC] PHP Stack trace:
[13-Nov-2018 13:18:48 UTC] PHP   1. {main}() /home/ubuntu/workspace/CST336/Labs/lab4/scart/index.php:0
[13-Nov-2018 13:18:48 UTC] PHP   2. array_push() /home/ubuntu/workspace/CST336/Labs/lab4/scart/index.php:10
[13-Nov-2018 13:18:50 UTC] PHP Warning:  array_push() expects parameter 1 to be array, string given in /home/ubuntu/workspace/CST336/Labs/lab4/scart/index.php on line 10
[13-Nov-2018 13:18:50 UTC] PHP Stack trace:
[13-Nov-2018 13:18:50 UTC] PHP   1. {main}() /home/ubuntu/workspace/CST336/Labs/lab4/scart/index.php:0
[13-Nov-2018 13:18:50 UTC] PHP   2. array_push() /home/ubuntu/workspace/CST336/Labs/lab4/scart/index.php:10
[13-Nov-2018 13:18:53 UTC] PHP Warning:  array_push() expects parameter 1 to be array, string given in /home/ubuntu/workspace/CST336/Labs/lab4/scart/index.php on line 10
[13-Nov-2018 13:18:53 UTC] PHP Stack trace:
[13-Nov-2018 13:18:53 UTC] PHP   1. {main}() /home/ubuntu/workspace/CST336/Labs/lab4/scart/index.php:0
[13-Nov-2018 13:18:53 UTC] PHP   2. array_push() /home/ubuntu/workspace/CST336/Labs/lab4/scart/index.php:10
[13-Nov-2018 13:28:24 UTC] PHP Warning:  Invalid argument supplied for foreach() in /home/ubuntu/workspace/CST336/Labs/lab4/scart/functions.php on line 36
[13-Nov-2018 13:28:24 UTC] PHP Stack trace:
[13-Nov-2018 13:28:24 UTC] PHP   1. {main}() /home/ubuntu/workspace/CST336/Labs/lab4/scart/scart.php:0
[13-Nov-2018 13:28:24 UTC] PHP   2. displayCart() /home/ubuntu/workspace/CST336/Labs/lab4/scart/scart.php:40
[13-Nov-2018 13:29:36 UTC] PHP Warning:  Invalid argument supplied for foreach() in /home/ubuntu/workspace/CST336/Labs/lab4/scart/functions.php on line 6
[13-Nov-2018 13:29:36 UTC] PHP Stack trace:
[13-Nov-2018 13:29:36 UTC] PHP   1. {main}() /home/ubuntu/workspace/CST336/Labs/lab4/scart/index.php:0
[13-Nov-2018 13:29:36 UTC] PHP   2. displayResults() /home/ubuntu/workspace/CST336/Labs/lab4/scart/index.php:75
[13-Nov-2018 13:31:32 UTC] PHP Warning:  array_push() expects parameter 1 to be array, string given in /home/ubuntu/workspace/CST336/Labs/lab4/scart/index.php on line 20
[13-Nov-2018 13:31:32 UTC] PHP Stack trace:
[13-Nov-2018 13:31:32 UTC] PHP   1. {main}() /home/ubuntu/workspace/CST336/Labs/lab4/scart/index.php:0
[13-Nov-2018 13:31:32 UTC] PHP   2. array_push() /home/ubuntu/workspace/CST336/Labs/lab4/scart/index.php:20
[13-Nov-2018 13:31:35 UTC] PHP Warning:  array_push() expects parameter 1 to be array, string given in /home/ubuntu/workspace/CST336/Labs/lab4/scart/index.php on line 20
[13-Nov-2018 13:31:35 UTC] PHP Stack trace:
[13-Nov-2018 13:31:35 UTC] PHP   1. {main}() /home/ubuntu/workspace/CST336/Labs/lab4/scart/index.php:0
[13-Nov-2018 13:31:35 UTC] PHP   2. array_push() /home/ubuntu/workspace/CST336/Labs/lab4/scart/index.php:20
[13-Nov-2018 13:31:37 UTC] PHP Warning:  Invalid argument supplied for foreach() in /home/ubuntu/workspace/CST336/Labs/lab4/scart/functions.php on line 36
[13-Nov-2018 13:31:37 UTC] PHP Stack trace:
[13-Nov-2018 13:31:37 UTC] PHP   1. {main}() /home/ubuntu/workspace/CST336/Labs/lab4/scart/scart.php:0
[13-Nov-2018 13:31:37 UTC] PHP   2. displayCart() /home/ubuntu/workspace/CST336/Labs/lab4/scart/scart.php:40
[13-Nov-2018 13:32:20 UTC] PHP Warning:  Invalid argument supplied for foreach() in /home/ubuntu/workspace/CST336/Labs/lab4/scart/functions.php on line 36
[13-Nov-2018 13:32:20 UTC] PHP Stack trace:
[13-Nov-2018 13:32:20 UTC] PHP   1. {main}() /home/ubuntu/workspace/CST336/Labs/lab4/scart/scart.php:0
[13-Nov-2018 13:32:20 UTC] PHP   2. displayCart() /home/ubuntu/workspace/CST336/Labs/lab4/scart/scart.php:40
[13-Nov-2018 13:32:24 UTC] PHP Warning:  Invalid argument supplied for foreach() in /home/ubuntu/workspace/CST336/Labs/lab4/scart/functions.php on line 6
[13-Nov-2018 13:32:24 UTC] PHP Stack trace:
[13-Nov-2018 13:32:24 UTC] PHP   1. {main}() /home/ubuntu/workspace/CST336/Labs/lab4/scart/index.php:0
[13-Nov-2018 13:32:24 UTC] PHP   2. displayResults() /home/ubuntu/workspace/CST336/Labs/lab4/scart/index.php:74
[13-Nov-2018 13:32:34 UTC] PHP Warning:  Illegal string offset 'name' in /home/ubuntu/workspace/CST336/Labs/lab4/scart/functions.php on line 37
[13-Nov-2018 13:32:34 UTC] PHP Stack trace:
[13-Nov-2018 13:32:34 UTC] PHP   1. {main}() /home/ubuntu/workspace/CST336/Labs/lab4/scart/scart.php:0
[13-Nov-2018 13:32:34 UTC] PHP   2. displayCart() /home/ubuntu/workspace/CST336/Labs/lab4/scart/scart.php:40
[13-Nov-2018 13:32:34 UTC] PHP Warning:  Illegal string offset 'price' in /home/ubuntu/workspace/CST336/Labs/lab4/scart/functions.php on line 38
[13-Nov-2018 13:32:34 UTC] PHP Stack trace:
[13-Nov-2018 13:32:34 UTC] PHP   1. {main}() /home/ubuntu/workspace/CST336/Labs/lab4/scart/scart.php:0
[13-Nov-2018 13:32:34 UTC] PHP   2. displayCart() /home/ubuntu/workspace/CST336/Labs/lab4/scart/scart.php:40
[13-Nov-2018 13:32:34 UTC] PHP Warning:  Illegal string offset 'image' in /home/ubuntu/workspace/CST336/Labs/lab4/scart/functions.php on line 39
[13-Nov-2018 13:32:34 UTC] PHP Stack trace:
[13-Nov-2018 13:32:34 UTC] PHP   1. {main}() /home/ubuntu/workspace/CST336/Labs/lab4/scart/scart.php:0
[13-Nov-2018 13:32:34 UTC] PHP   2. displayCart() /home/ubuntu/workspace/CST336/Labs/lab4/scart/scart.php:40
[13-Nov-2018 13:32:34 UTC] PHP Warning:  Illegal string offset 'id' in /home/ubuntu/workspace/CST336/Labs/lab4/scart/functions.php on line 40
[13-Nov-2018 13:32:34 UTC] PHP Stack trace:
[13-Nov-2018 13:32:34 UTC] PHP   1. {main}() /home/ubuntu/workspace/CST336/Labs/lab4/scart/scart.php:0
[13-Nov-2018 13:32:34 UTC] PHP   2. displayCart() /home/ubuntu/workspace/CST336/Labs/lab4/scart/scart.php:40
[13-Nov-2018 13:32:34 UTC] PHP Warning:  Illegal string offset 'name' in /home/ubuntu/workspace/CST336/Labs/lab4/scart/functions.php on line 37
[13-Nov-2018 13:32:34 UTC] PHP Stack trace:
[13-Nov-2018 13:32:34 UTC] PHP   1. {main}() /home/ubuntu/workspace/CST336/Labs/lab4/scart/scart.php:0
[13-Nov-2018 13:32:34 UTC] PHP   2. displayCart() /home/ubuntu/workspace/CST336/Labs/lab4/scart/scart.php:40
[13-Nov-2018 13:32:34 UTC] PHP Warning:  Illegal string offset 'price' in /home/ubuntu/workspace/CST336/Labs/lab4/scart/functions.php on line 38
[13-Nov-2018 13:32:34 UTC] PHP Stack trace:
[13-Nov-2018 13:32:34 UTC] PHP   1. {main}() /home/ubuntu/workspace/CST336/Labs/lab4/scart/scart.php:0
[13-Nov-2018 13:32:34 UTC] PHP   2. displayCart() /home/ubuntu/workspace/CST336/Labs/lab4/scart/scart.php:40
[13-Nov-2018 13:32:34 UTC] PHP Warning:  Illegal string offset 'image' in /home/ubuntu/workspace/CST336/Labs/lab4/scart/functions.php on line 39
[13-Nov-2018 13:32:34 UTC] PHP Stack trace:
[13-Nov-2018 13:32:34 UTC] PHP   1. {main}() /home/ubuntu/workspace/CST336/Labs/lab4/scart/scart.php:0
[13-Nov-2018 13:32:34 UTC] PHP   2. displayCart() /home/ubuntu/workspace/CST336/Labs/lab4/scart/scart.php:40
[13-Nov-2018 13:32:34 UTC] PHP Warning:  Illegal string offset 'id' in /home/ubuntu/workspace/CST336/Labs/lab4/scart/functions.php on line 40
[13-Nov-2018 13:32:34 UTC] PHP Stack trace:
[13-Nov-2018 13:32:34 UTC] PHP   1. {main}() /home/ubuntu/workspace/CST336/Labs/lab4/scart/scart.php:0
[13-Nov-2018 13:32:34 UTC] PHP   2. displayCart() /home/ubuntu/workspace/CST336/Labs/lab4/scart/scart.php:40
[13-Nov-2018 13:34:06 UTC] PHP Warning:  Invalid argument supplied for foreach() in /home/ubuntu/workspace/CST336/Labs/lab4/scart/functions.php on line 6
[13-Nov-2018 13:34:06 UTC] PHP Stack trace:
[13-Nov-2018 13:34:06 UTC] PHP   1. {main}() /home/ubuntu/workspace/CST336/Labs/lab4/scart/index.php:0
[13-Nov-2018 13:34:06 UTC] PHP   2. displayResults() /home/ubuntu/workspace/CST336/Labs/lab4/scart/index.php:74
[13-Nov-2018 13:34:07 UTC] PHP Warning:  Illegal string offset 'name' in /home/ubuntu/workspace/CST336/Labs/lab4/scart/functions.php on line 37
[13-Nov-2018 13:34:07 UTC] PHP Stack trace:
[13-Nov-2018 13:34:07 UTC] PHP   1. {main}() /home/ubuntu/workspace/CST336/Labs/lab4/scart/scart.php:0
[13-Nov-2018 13:34:07 UTC] PHP   2. displayCart() /home/ubuntu/workspace/CST336/Labs/lab4/scart/scart.php:40
[13-Nov-2018 13:34:07 UTC] PHP Warning:  Illegal string offset 'price' in /home/ubuntu/workspace/CST336/Labs/lab4/scart/functions.php on line 38
[13-Nov-2018 13:34:07 UTC] PHP Stack trace:
[13-Nov-2018 13:34:07 UTC] PHP   1. {main}() /home/ubuntu/workspace/CST336/Labs/lab4/scart/scart.php:0
[13-Nov-2018 13:34:07 UTC] PHP   2. displayCart() /home/ubuntu/workspace/CST336/Labs/lab4/scart/scart.php:40
[13-Nov-2018 13:34:07 UTC] PHP Warning:  Illegal string offset 'image' in /home/ubuntu/workspace/CST336/Labs/lab4/scart/functions.php on line 39
[13-Nov-2018 13:34:07 UTC] PHP Stack trace:
[13-Nov-2018 13:34:07 UTC] PHP   1. {main}() /home/ubuntu/workspace/CST336/Labs/lab4/scart/scart.php:0
[13-Nov-2018 13:34:07 UTC] PHP   2. displayCart() /home/ubuntu/workspace/CST336/Labs/lab4/scart/scart.php:40
[13-Nov-2018 13:34:07 UTC] PHP Warning:  Illegal string offset 'id' in /home/ubuntu/workspace/CST336/Labs/lab4/scart/functions.php on line 40
[13-Nov-2018 13:34:07 UTC] PHP Stack trace:
[13-Nov-2018 13:34:07 UTC] PHP   1. {main}() /home/ubuntu/workspace/CST336/Labs/lab4/scart/scart.php:0
[13-Nov-2018 13:34:07 UTC] PHP   2. displayCart() /home/ubuntu/workspace/CST336/Labs/lab4/scart/scart.php:40
[13-Nov-2018 13:34:07 UTC] PHP Warning:  Illegal string offset 'name' in /home/ubuntu/workspace/CST336/Labs/lab4/scart/functions.php on line 37
[13-Nov-2018 13:34:07 UTC] PHP Stack trace:
[13-Nov-2018 13:34:07 UTC] PHP   1. {main}() /home/ubuntu/workspace/CST336/Labs/lab4/scart/scart.php:0
[13-Nov-2018 13:34:07 UTC] PHP   2. displayCart() /home/ubuntu/workspace/CST336/Labs/lab4/scart/scart.php:40
[13-Nov-2018 13:34:07 UTC] PHP Warning:  Illegal string offset 'price' in /home/ubuntu/workspace/CST336/Labs/lab4/scart/functions.php on line 38
[13-Nov-2018 13:34:07 UTC] PHP Stack trace:
[13-Nov-2018 13:34:07 UTC] PHP   1. {main}() /home/ubuntu/workspace/CST336/Labs/lab4/scart/scart.php:0
[13-Nov-2018 13:34:07 UTC] PHP   2. displayCart() /home/ubuntu/workspace/CST336/Labs/lab4/scart/scart.php:40
[13-Nov-2018 13:34:07 UTC] PHP Warning:  Illegal string offset 'image' in /home/ubuntu/workspace/CST336/Labs/lab4/scart/functions.php on line 39
[13-Nov-2018 13:34:07 UTC] PHP Stack trace:
[13-Nov-2018 13:34:07 UTC] PHP   1. {main}() /home/ubuntu/workspace/CST336/Labs/lab4/scart/scart.php:0
[13-Nov-2018 13:34:07 UTC] PHP   2. displayCart() /home/ubuntu/workspace/CST336/Labs/lab4/scart/scart.php:40
[13-Nov-2018 13:34:07 UTC] PHP Warning:  Illegal string offset 'id' in /home/ubuntu/workspace/CST336/Labs/lab4/scart/functions.php on line 40
[13-Nov-2018 13:34:07 UTC] PHP Stack trace:
[13-Nov-2018 13:34:07 UTC] PHP   1. {main}() /home/ubuntu/workspace/CST336/Labs/lab4/scart/scart.php:0
[13-Nov-2018 13:34:07 UTC] PHP   2. displayCart() /home/ubuntu/workspace/CST336/Labs/lab4/scart/scart.php:40
[13-Nov-2018 13:35:38 UTC] PHP Warning:  Invalid argument supplied for foreach() in /home/ubuntu/workspace/CST336/Labs/lab4/scart/functions.php on line 6
[13-Nov-2018 13:35:38 UTC] PHP Stack trace:
[13-Nov-2018 13:35:38 UTC] PHP   1. {main}() /home/ubuntu/workspace/CST336/Labs/lab4/scart/index.php:0
[13-Nov-2018 13:35:38 UTC] PHP   2. displayResults() /home/ubuntu/workspace/CST336/Labs/lab4/scart/index.php:74
[13-Nov-2018 13:38:17 UTC] PHP Warning:  Illegal string offset 'name' in /home/ubuntu/workspace/CST336/Labs/lab4/scart/functions.php on line 41
[13-Nov-2018 13:38:17 UTC] PHP Stack trace:
[13-Nov-2018 13:38:17 UTC] PHP   1. {main}() /home/ubuntu/workspace/CST336/Labs/lab4/scart/scart.php:0
[13-Nov-2018 13:38:17 UTC] PHP   2. displayCart() /home/ubuntu/workspace/CST336/Labs/lab4/scart/scart.php:40
[13-Nov-2018 13:38:17 UTC] PHP Warning:  Illegal string offset 'price' in /home/ubuntu/workspace/CST336/Labs/lab4/scart/functions.php on line 42
[13-Nov-2018 13:38:17 UTC] PHP Stack trace:
[13-Nov-2018 13:38:17 UTC] PHP   1. {main}() /home/ubuntu/workspace/CST336/Labs/lab4/scart/scart.php:0
[13-Nov-2018 13:38:17 UTC] PHP   2. displayCart() /home/ubuntu/workspace/CST336/Labs/lab4/scart/scart.php:40
[13-Nov-2018 13:38:17 UTC] PHP Warning:  Illegal string offset 'image' in /home/ubuntu/workspace/CST336/Labs/lab4/scart/functions.php on line 43
[13-Nov-2018 13:38:17 UTC] PHP Stack trace:
[13-Nov-2018 13:38:17 UTC] PHP   1. {main}() /home/ubuntu/workspace/CST336/Labs/lab4/scart/scart.php:0
[13-Nov-2018 13:38:17 UTC] PHP   2. displayCart() /home/ubuntu/workspace/CST336/Labs/lab4/scart/scart.php:40
[13-Nov-2018 13:38:17 UTC] PHP Warning:  Illegal string offset 'id' in /home/ubuntu/workspace/CST336/Labs/lab4/scart/functions.php on line 44
[13-Nov-2018 13:38:17 UTC] PHP Stack trace:
[13-Nov-2018 13:38:17 UTC] PHP   1. {main}() /home/ubuntu/workspace/CST336/Labs/lab4/scart/scart.php:0
[13-Nov-2018 13:38:17 UTC] PHP   2. displayCart() /home/ubuntu/workspace/CST336/Labs/lab4/scart/scart.php:40
[13-Nov-2018 13:38:17 UTC] PHP Warning:  Illegal string offset 'name' in /home/ubuntu/workspace/CST336/Labs/lab4/scart/functions.php on line 41
[13-Nov-2018 13:38:17 UTC] PHP Stack trace:
[13-Nov-2018 13:38:17 UTC] PHP   1. {main}() /home/ubuntu/workspace/CST336/Labs/lab4/scart/scart.php:0
[13-Nov-2018 13:38:17 UTC] PHP   2. displayCart() /home/ubuntu/workspace/CST336/Labs/lab4/scart/scart.php:40
[13-Nov-2018 13:38:17 UTC] PHP Warning:  Illegal string offset 'price' in /home/ubuntu/workspace/CST336/Labs/lab4/scart/functions.php on line 42
[13-Nov-2018 13:38:17 UTC] PHP Stack trace:
[13-Nov-2018 13:38:17 UTC] PHP   1. {main}() /home/ubuntu/workspace/CST336/Labs/lab4/scart/scart.php:0
[13-Nov-2018 13:38:17 UTC] PHP   2. displayCart() /home/ubuntu/workspace/CST336/Labs/lab4/scart/scart.php:40
[13-Nov-2018 13:38:17 UTC] PHP Warning:  Illegal string offset 'image' in /home/ubuntu/workspace/CST336/Labs/lab4/scart/functions.php on line 43
[13-Nov-2018 13:38:17 UTC] PHP Stack trace:
[13-Nov-2018 13:38:17 UTC] PHP   1. {main}() /home/ubuntu/workspace/CST336/Labs/lab4/scart/scart.php:0
[13-Nov-2018 13:38:17 UTC] PHP   2. displayCart() /home/ubuntu/workspace/CST336/Labs/lab4/scart/scart.php:40
[13-Nov-2018 13:38:17 UTC] PHP Warning:  Illegal string offset 'id' in /home/ubuntu/workspace/CST336/Labs/lab4/scart/functions.php on line 44
[13-Nov-2018 13:38:17 UTC] PHP Stack trace:
[13-Nov-2018 13:38:17 UTC] PHP   1. {main}() /home/ubuntu/workspace/CST336/Labs/lab4/scart/scart.php:0
[13-Nov-2018 13:38:17 UTC] PHP   2. displayCart() /home/ubuntu/workspace/CST336/Labs/lab4/scart/scart.php:40
[13-Nov-2018 13:38:17 UTC] PHP Warning:  Illegal string offset 'name' in /home/ubuntu/workspace/CST336/Labs/lab4/scart/functions.php on line 41
[13-Nov-2018 13:38:17 UTC] PHP Stack trace:
[13-Nov-2018 13:38:17 UTC] PHP   1. {main}() /home/ubuntu/workspace/CST336/Labs/lab4/scart/scart.php:0
[13-Nov-2018 13:38:17 UTC] PHP   2. displayCart() /home/ubuntu/workspace/CST336/Labs/lab4/scart/scart.php:40
[13-Nov-2018 13:38:17 UTC] PHP Warning:  Illegal string offset 'price' in /home/ubuntu/workspace/CST336/Labs/lab4/scart/functions.php on line 42
[13-Nov-2018 13:38:17 UTC] PHP Stack trace:
[13-Nov-2018 13:38:17 UTC] PHP   1. {main}() /home/ubuntu/workspace/CST336/Labs/lab4/scart/scart.php:0
[13-Nov-2018 13:38:17 UTC] PHP   2. displayCart() /home/ubuntu/workspace/CST336/Labs/lab4/scart/scart.php:40
[13-Nov-2018 13:38:17 UTC] PHP Warning:  Illegal string offset 'image' in /home/ubuntu/workspace/CST336/Labs/lab4/scart/functions.php on line 43
[13-Nov-2018 13:38:17 UTC] PHP Stack trace:
[13-Nov-2018 13:38:17 UTC] PHP   1. {main}() /home/ubuntu/workspace/CST336/Labs/lab4/scart/scart.php:0
[13-Nov-2018 13:38:17 UTC] PHP   2. displayCart() /home/ubuntu/workspace/CST336/Labs/lab4/scart/scart.php:40
[13-Nov-2018 13:38:17 UTC] PHP Warning:  Illegal string offset 'id' in /home/ubuntu/workspace/CST336/Labs/lab4/scart/functions.php on line 44
[13-Nov-2018 13:38:17 UTC] PHP Stack trace:
[13-Nov-2018 13:38:17 UTC] PHP   1. {main}() /home/ubuntu/workspace/CST336/Labs/lab4/scart/scart.php:0
[13-Nov-2018 13:38:17 UTC] PHP   2. displayCart() /home/ubuntu/workspace/CST336/Labs/lab4/scart/scart.php:40
[13-Nov-2018 13:38:17 UTC] PHP Warning:  Illegal string offset 'name' in /home/ubuntu/workspace/CST336/Labs/lab4/scart/functions.php on line 41
[13-Nov-2018 13:38:17 UTC] PHP Stack trace:
[13-Nov-2018 13:38:17 UTC] PHP   1. {main}() /home/ubuntu/workspace/CST336/Labs/lab4/scart/scart.php:0
[13-Nov-2018 13:38:17 UTC] PHP   2. displayCart() /home/ubuntu/workspace/CST336/Labs/lab4/scart/scart.php:40
[13-Nov-2018 13:38:17 UTC] PHP Warning:  Illegal string offset 'price' in /home/ubuntu/workspace/CST336/Labs/lab4/scart/functions.php on line 42
[13-Nov-2018 13:38:17 UTC] PHP Stack trace:
[13-Nov-2018 13:38:17 UTC] PHP   1. {main}() /home/ubuntu/workspace/CST336/Labs/lab4/scart/scart.php:0
[13-Nov-2018 13:38:17 UTC] PHP   2. displayCart() /home/ubuntu/workspace/CST336/Labs/lab4/scart/scart.php:40
[13-Nov-2018 13:38:17 UTC] PHP Warning:  Illegal string offset 'image' in /home/ubuntu/workspace/CST336/Labs/lab4/scart/functions.php on line 43
[13-Nov-2018 13:38:17 UTC] PHP Stack trace:
[13-Nov-2018 13:38:17 UTC] PHP   1. {main}() /home/ubuntu/workspace/CST336/Labs/lab4/scart/scart.php:0
[13-Nov-2018 13:38:17 UTC] PHP   2. displayCart() /home/ubuntu/workspace/CST336/Labs/lab4/scart/scart.php:40
[13-Nov-2018 13:38:17 UTC] PHP Warning:  Illegal string offset 'id' in /home/ubuntu/workspace/CST336/Labs/lab4/scart/functions.php on line 44
[13-Nov-2018 13:38:17 UTC] PHP Stack trace:
[13-Nov-2018 13:38:17 UTC] PHP   1. {main}() /home/ubuntu/workspace/CST336/Labs/lab4/scart/scart.php:0
[13-Nov-2018 13:38:17 UTC] PHP   2. displayCart() /home/ubuntu/workspace/CST336/Labs/lab4/scart/scart.php:40
[13-Nov-2018 13:38:42 UTC] PHP Warning:  Illegal string offset 'name' in /home/ubuntu/workspace/CST336/Labs/lab4/scart/functions.php on line 41
[13-Nov-2018 13:38:42 UTC] PHP Stack trace:
[13-Nov-2018 13:38:42 UTC] PHP   1. {main}() /home/ubuntu/workspace/CST336/Labs/lab4/scart/scart.php:0
[13-Nov-2018 13:38:42 UTC] PHP   2. displayCart() /home/ubuntu/workspace/CST336/Labs/lab4/scart/scart.php:40
[13-Nov-2018 13:38:42 UTC] PHP Warning:  Illegal string offset 'price' in /home/ubuntu/workspace/CST336/Labs/lab4/scart/functions.php on line 42
[13-Nov-2018 13:38:42 UTC] PHP Stack trace:
[13-Nov-2018 13:38:42 UTC] PHP   1. {main}() /home/ubuntu/workspace/CST336/Labs/lab4/scart/scart.php:0
[13-Nov-2018 13:38:42 UTC] PHP   2. displayCart() /home/ubuntu/workspace/CST336/Labs/lab4/scart/scart.php:40
[13-Nov-2018 13:38:42 UTC] PHP Warning:  Illegal string offset 'image' in /home/ubuntu/workspace/CST336/Labs/lab4/scart/functions.php on line 43
[13-Nov-2018 13:38:42 UTC] PHP Stack trace:
[13-Nov-2018 13:38:42 UTC] PHP   1. {main}() /home/ubuntu/workspace/CST336/Labs/lab4/scart/scart.php:0
[13-Nov-2018 13:38:42 UTC] PHP   2. displayCart() /home/ubuntu/workspace/CST336/Labs/lab4/scart/scart.php:40
[13-Nov-2018 13:38:42 UTC] PHP Warning:  Illegal string offset 'id' in /home/ubuntu/workspace/CST336/Labs/lab4/scart/functions.php on line 44
[13-Nov-2018 13:38:42 UTC] PHP Stack trace:
[13-Nov-2018 13:38:42 UTC] PHP   1. {main}() /home/ubuntu/workspace/CST336/Labs/lab4/scart/scart.php:0
[13-Nov-2018 13:38:42 UTC] PHP   2. displayCart() /home/ubuntu/workspace/CST336/Labs/lab4/scart/scart.php:40
[13-Nov-2018 13:38:42 UTC] PHP Warning:  Illegal string offset 'name' in /home/ubuntu/workspace/CST336/Labs/lab4/scart/functions.php on line 41
[13-Nov-2018 13:38:42 UTC] PHP Stack trace:
[13-Nov-2018 13:38:42 UTC] PHP   1. {main}() /home/ubuntu/workspace/CST336/Labs/lab4/scart/scart.php:0
[13-Nov-2018 13:38:42 UTC] PHP   2. displayCart() /home/ubuntu/workspace/CST336/Labs/lab4/scart/scart.php:40
[13-Nov-2018 13:38:42 UTC] PHP Warning:  Illegal string offset 'price' in /home/ubuntu/workspace/CST336/Labs/lab4/scart/functions.php on line 42
[13-Nov-2018 13:38:42 UTC] PHP Stack trace:
[13-Nov-2018 13:38:42 UTC] PHP   1. {main}() /home/ubuntu/workspace/CST336/Labs/lab4/scart/scart.php:0
[13-Nov-2018 13:38:42 UTC] PHP   2. displayCart() /home/ubuntu/workspace/CST336/Labs/lab4/scart/scart.php:40
[13-Nov-2018 13:38:42 UTC] PHP Warning:  Illegal string offset 'image' in /home/ubuntu/workspace/CST336/Labs/lab4/scart/functions.php on line 43
[13-Nov-2018 13:38:42 UTC] PHP Stack trace:
[13-Nov-2018 13:38:42 UTC] PHP   1. {main}() /home/ubuntu/workspace/CST336/Labs/lab4/scart/scart.php:0
[13-Nov-2018 13:38:42 UTC] PHP   2. displayCart() /home/ubuntu/workspace/CST336/Labs/lab4/scart/scart.php:40
[13-Nov-2018 13:38:42 UTC] PHP Warning:  Illegal string offset 'id' in /home/ubuntu/workspace/CST336/Labs/lab4/scart/functions.php on line 44
[13-Nov-2018 13:38:42 UTC] PHP Stack trace:
[13-Nov-2018 13:38:42 UTC] PHP   1. {main}() /home/ubuntu/workspace/CST336/Labs/lab4/scart/scart.php:0
[13-Nov-2018 13:38:42 UTC] PHP   2. displayCart() /home/ubuntu/workspace/CST336/Labs/lab4/scart/scart.php:40
[13-Nov-2018 13:45:50 UTC] PHP Warning:  Illegal string offset 'name' in /home/ubuntu/workspace/CST336/Labs/lab4/scart/functions.php on line 41
[13-Nov-2018 13:45:50 UTC] PHP Stack trace:
[13-Nov-2018 13:45:50 UTC] PHP   1. {main}() /home/ubuntu/workspace/CST336/Labs/lab4/scart/scart.php:0
[13-Nov-2018 13:45:50 UTC] PHP   2. displayCart() /home/ubuntu/workspace/CST336/Labs/lab4/scart/scart.php:40
[13-Nov-2018 13:45:50 UTC] PHP Warning:  Illegal string offset 'price' in /home/ubuntu/workspace/CST336/Labs/lab4/scart/functions.php on line 42
[13-Nov-2018 13:45:50 UTC] PHP Stack trace:
[13-Nov-2018 13:45:50 UTC] PHP   1. {main}() /home/ubuntu/workspace/CST336/Labs/lab4/scart/scart.php:0
[13-Nov-2018 13:45:50 UTC] PHP   2. displayCart() /home/ubuntu/workspace/CST336/Labs/lab4/scart/scart.php:40
[13-Nov-2018 13:45:50 UTC] PHP Warning:  Illegal string offset 'image' in /home/ubuntu/workspace/CST336/Labs/lab4/scart/functions.php on line 43
[13-Nov-2018 13:45:50 UTC] PHP Stack trace:
[13-Nov-2018 13:45:50 UTC] PHP   1. {main}() /home/ubuntu/workspace/CST336/Labs/lab4/scart/scart.php:0
[13-Nov-2018 13:45:50 UTC] PHP   2. displayCart() /home/ubuntu/workspace/CST336/Labs/lab4/scart/scart.php:40
[13-Nov-2018 13:45:50 UTC] PHP Warning:  Illegal string offset 'id' in /home/ubuntu/workspace/CST336/Labs/lab4/scart/functions.php on line 44
[13-Nov-2018 13:45:50 UTC] PHP Stack trace:
[13-Nov-2018 13:45:50 UTC] PHP   1. {main}() /home/ubuntu/workspace/CST336/Labs/lab4/scart/scart.php:0
[13-Nov-2018 13:45:50 UTC] PHP   2. displayCart() /home/ubuntu/workspace/CST336/Labs/lab4/scart/scart.php:40
[13-Nov-2018 13:45:50 UTC] PHP Warning:  Illegal string offset 'name' in /home/ubuntu/workspace/CST336/Labs/lab4/scart/functions.php on line 41
[13-Nov-2018 13:45:50 UTC] PHP Stack trace:
[13-Nov-2018 13:45:50 UTC] PHP   1. {main}() /home/ubuntu/workspace/CST336/Labs/lab4/scart/scart.php:0
[13-Nov-2018 13:45:50 UTC] PHP   2. displayCart() /home/ubuntu/workspace/CST336/Labs/lab4/scart/scart.php:40
[13-Nov-2018 13:45:50 UTC] PHP Warning:  Illegal string offset 'price' in /home/ubuntu/workspace/CST336/Labs/lab4/scart/functions.php on line 42
[13-Nov-2018 13:45:50 UTC] PHP Stack trace:
[13-Nov-2018 13:45:50 UTC] PHP   1. {main}() /home/ubuntu/workspace/CST336/Labs/lab4/scart/scart.php:0
[13-Nov-2018 13:45:50 UTC] PHP   2. displayCart() /home/ubuntu/workspace/CST336/Labs/lab4/scart/scart.php:40
[13-Nov-2018 13:45:50 UTC] PHP Warning:  Illegal string offset 'image' in /home/ubuntu/workspace/CST336/Labs/lab4/scart/functions.php on line 43
[13-Nov-2018 13:45:50 UTC] PHP Stack trace:
[13-Nov-2018 13:45:50 UTC] PHP   1. {main}() /home/ubuntu/workspace/CST336/Labs/lab4/scart/scart.php:0
[13-Nov-2018 13:45:50 UTC] PHP   2. displayCart() /home/ubuntu/workspace/CST336/Labs/lab4/scart/scart.php:40
[13-Nov-2018 13:45:50 UTC] PHP Warning:  Illegal string offset 'id' in /home/ubuntu/workspace/CST336/Labs/lab4/scart/functions.php on line 44
[13-Nov-2018 13:45:50 UTC] PHP Stack trace:
[13-Nov-2018 13:45:50 UTC] PHP   1. {main}() /home/ubuntu/workspace/CST336/Labs/lab4/scart/scart.php:0
[13-Nov-2018 13:45:50 UTC] PHP   2. displayCart() /home/ubuntu/workspace/CST336/Labs/lab4/scart/scart.php:40
